0	00:08:13.070	Expert FxTrade USDJPY,H1: loaded successfully
0	00:08:15.115	FxTrade USDJPY,H1: initialized
0	00:08:15.268	FxTrade USDJPY,H1: 131.87
0	00:08:15.313	FxTrade USDJPY,H1: 131.869
0	00:08:15.407	FxTrade USDJPY,H1: 131.868
0	00:08:15.672	FxTrade USDJPY,H1: 131.869
0	00:08:16.385	FxTrade USDJPY,H1: 131.868
0	00:08:16.649	FxTrade USDJPY,H1: 131.869
0	00:08:17.006	FxTrade USDJPY,H1: 131.868
0	00:08:17.775	FxTrade USDJPY,H1: 131.869
0	00:08:17.869	FxTrade USDJPY,H1: 131.86
0	00:08:17.948	FxTrade USDJPY,H1: 131.859
0	00:08:18.118	FxTrade USDJPY,H1: 131.86
0	00:08:18.403	FxTrade USDJPY,H1: 131.858
0	00:08:18.498	FxTrade USDJPY,H1: 131.857
0	00:08:18.568	FxTrade USDJPY,H1: 131.855
0	00:08:18.750	FxTrade USDJPY,H1: 131.854
0	00:08:18.901	FxTrade USDJPY,H1: 131.855
0	00:08:18.980	FxTrade USDJPY,H1: 131.856
0	00:08:19.099	FxTrade USDJPY,H1: 131.857
0	00:08:19.417	FxTrade USDJPY,H1: 131.858
0	00:08:19.511	FxTrade USDJPY,H1: 131.859
0	00:08:20.313	FxTrade USDJPY,H1: 131.858
0	00:08:21.084	FxTrade USDJPY,H1: 131.859
0	00:08:21.882	FxTrade USDJPY,H1: 131.858
0	00:08:21.978	FxTrade USDJPY,H1: 131.857
0	00:08:22.385	FxTrade USDJPY,H1: 131.853
0	00:08:22.509	FxTrade USDJPY,H1: 131.852
0	00:08:22.571	FxTrade USDJPY,H1: 131.853
0	00:08:22.683	FxTrade USDJPY,H1: 131.857
0	00:08:22.840	FxTrade USDJPY,H1: 131.858
0	00:08:23.363	FxTrade USDJPY,H1: 131.859
0	00:08:24.053	FxTrade USDJPY,H1: 131.858
0	00:08:24.321	FxTrade USDJPY,H1: 131.857
0	00:08:24.415	FxTrade USDJPY,H1: 131.855
0	00:08:26.142	FxTrade USDJPY,H1: 131.856
0	00:08:26.221	FxTrade USDJPY,H1: 131.855
0	00:08:26.409	FxTrade USDJPY,H1: 131.858
0	00:08:26.660	FxTrade USDJPY,H1: 131.859
0	00:08:26.913	FxTrade USDJPY,H1: 131.86
0	00:08:27.007	FxTrade USDJPY,H1: 131.861
0	00:08:27.101	FxTrade USDJPY,H1: 131.862
0	00:08:27.352	FxTrade USDJPY,H1: 131.861
0	00:08:27.431	FxTrade USDJPY,H1: 131.862
0	00:08:27.789	FxTrade USDJPY,H1: 131.863
0	00:08:29.679	FxTrade USDJPY,H1: 131.862
0	00:08:29.868	FxTrade USDJPY,H1: 131.863
0	00:08:30.159	FxTrade USDJPY,H1: 131.862
0	00:08:30.725	FxTrade USDJPY,H1: 131.863
0	00:08:32.147	FxTrade USDJPY,H1: 131.867
0	00:08:33.519	FxTrade USDJPY,H1: 131.866
0	00:08:33.974	FxTrade USDJPY,H1: 131.863
0	00:08:34.038	FxTrade USDJPY,H1: 131.86
0	00:08:35.265	FxTrade USDJPY,H1: 131.862
0	00:08:35.359	FxTrade USDJPY,H1: 131.864
0	00:08:35.800	FxTrade USDJPY,H1: 131.866
0	00:08:37.188	FxTrade USDJPY,H1: 131.864
0	00:08:37.266	FxTrade USDJPY,H1: 131.863
0	00:08:37.442	FxTrade USDJPY,H1: 131.864
0	00:08:37.801	FxTrade USDJPY,H1: 131.863
0	00:08:38.814	FxTrade USDJPY,H1: 131.86
0	00:08:39.609	FxTrade USDJPY,H1: 131.853
0	00:08:39.838	FxTrade USDJPY,H1: 131.852
0	00:08:39.949	FxTrade USDJPY,H1: 131.851
0	00:08:40.757	FxTrade USDJPY,H1: 131.848
0	00:08:40.819	FxTrade USDJPY,H1: 131.847
0	00:08:41.603	FxTrade USDJPY,H1: 131.845
0	00:08:41.952	FxTrade USDJPY,H1: 131.843
0	00:08:42.847	FxTrade USDJPY,H1: 131.842
0	00:08:42.926	FxTrade USDJPY,H1: 131.841
0	00:08:43.114	FxTrade USDJPY,H1: 131.84
0	00:08:43.177	FxTrade USDJPY,H1: 131.839
0	00:08:43.366	FxTrade USDJPY,H1: 131.84
0	00:08:43.696	FxTrade USDJPY,H1: 131.841
0	00:08:44.639	FxTrade USDJPY,H1: 131.84
0	00:08:44.765	FxTrade USDJPY,H1: 131.837
0	00:08:44.830	FxTrade USDJPY,H1: 131.834
0	00:08:45.016	FxTrade USDJPY,H1: 131.833
0	00:08:45.971	FxTrade USDJPY,H1: 131.834
0	00:08:47.883	FxTrade USDJPY,H1: 131.832
0	00:08:48.040	FxTrade USDJPY,H1: 131.833
0	00:08:48.135	FxTrade USDJPY,H1: 131.832
0	00:08:48.417	FxTrade USDJPY,H1: 131.833
0	00:08:49.815	FxTrade USDJPY,H1: 131.839
0	00:08:49.894	FxTrade USDJPY,H1: 131.84
0	00:08:50.004	FxTrade USDJPY,H1: 131.839
0	00:08:50.098	FxTrade USDJPY,H1: 131.84
0	00:08:50.177	FxTrade USDJPY,H1: 131.839
0	00:08:50.349	FxTrade USDJPY,H1: 131.84
0	00:08:51.041	FxTrade USDJPY,H1: 131.839
0	00:08:51.135	FxTrade USDJPY,H1: 131.84
0	00:08:51.826	FxTrade USDJPY,H1: 131.834
0	00:08:52.250	FxTrade USDJPY,H1: 131.84
0	00:08:52.360	FxTrade USDJPY,H1: 131.841
0	00:08:52.439	FxTrade USDJPY,H1: 131.842
0	00:08:52.533	FxTrade USDJPY,H1: 131.841
0	00:08:52.801	FxTrade USDJPY,H1: 131.842
0	00:08:52.880	FxTrade USDJPY,H1: 131.841
0	00:08:53.258	FxTrade USDJPY,H1: 131.842
0	00:08:53.776	FxTrade USDJPY,H1: 131.843
0	00:08:53.823	FxTrade USDJPY,H1: 131.842
0	00:08:53.933	FxTrade USDJPY,H1: 131.84
0	00:08:54.625	FxTrade USDJPY,H1: 131.839
0	00:08:54.704	FxTrade USDJPY,H1: 131.838
0	00:08:55.142	FxTrade USDJPY,H1: 131.834
0	00:08:55.236	FxTrade USDJPY,H1: 131.833
0	00:08:55.678	FxTrade USDJPY,H1: 131.832
0	00:08:55.740	FxTrade USDJPY,H1: 131.833
0	00:08:55.867	FxTrade USDJPY,H1: 131.834
0	00:08:57.376	FxTrade USDJPY,H1: 131.834
0	00:08:57.581	FxTrade USDJPY,H1: 131.833
0	00:08:57.675	FxTrade USDJPY,H1: 131.832
0	00:08:57.754	FxTrade USDJPY,H1: 131.833
0	00:08:58.115	FxTrade USDJPY,H1: 131.834
0	00:08:59.042	FxTrade USDJPY,H1: 131.833
0	00:08:59.230	FxTrade USDJPY,H1: 131.828
0	00:08:59.325	FxTrade USDJPY,H1: 131.825
0	00:08:59.497	FxTrade USDJPY,H1: 131.821
0	00:08:59.591	FxTrade USDJPY,H1: 131.822
0	00:09:00.220	FxTrade USDJPY,H1: 131.824
0	00:09:00.629	FxTrade USDJPY,H1: 131.825
0	00:09:00.802	FxTrade USDJPY,H1: 131.826
0	00:09:00.896	FxTrade USDJPY,H1: 131.828
0	00:09:00.975	FxTrade USDJPY,H1: 131.829
0	00:09:01.777	FxTrade USDJPY,H1: 131.83
0	00:09:01.872	FxTrade USDJPY,H1: 131.831
0	00:09:01.934	FxTrade USDJPY,H1: 131.83
0	00:09:02.044	FxTrade USDJPY,H1: 131.828
0	00:09:02.656	FxTrade USDJPY,H1: 131.829
0	00:09:03.081	FxTrade USDJPY,H1: 131.83
0	00:09:03.175	FxTrade USDJPY,H1: 131.831
0	00:09:03.442	FxTrade USDJPY,H1: 131.83
0	00:09:03.882	FxTrade USDJPY,H1: 131.829
0	00:09:04.070	FxTrade USDJPY,H1: uninit reason 4
0	00:09:04.102	Expert FxTrade USDJPY,H1: removed
0	00:09:08.062	Expert FxTrade USDJPY,H1: loaded successfully
0	00:09:10.559	FxTrade USDJPY,H1: initialized
0	00:09:10.842	FxTrade USDJPY,H1: 131.813
0	00:09:10.936	FxTrade USDJPY,H1: 131.811
0	00:09:11.362	FxTrade USDJPY,H1: 131.812
0	00:09:11.630	FxTrade USDJPY,H1: 131.811
0	00:09:12.165	FxTrade USDJPY,H1: 131.812
0	00:09:12.258	FxTrade USDJPY,H1: 131.814
0	00:09:12.432	FxTrade USDJPY,H1: 131.813
0	00:09:12.494	FxTrade USDJPY,H1: 131.814
0	00:09:12.588	FxTrade USDJPY,H1: 131.813
0	00:09:13.313	FxTrade USDJPY,H1: 131.812
0	00:09:13.485	FxTrade USDJPY,H1: 131.813
0	00:09:15.137	FxTrade USDJPY,H1: 131.814
0	00:09:15.814	FxTrade USDJPY,H1: 131.813
0	00:09:16.365	FxTrade USDJPY,H1: 131.812
0	00:09:17.216	FxTrade USDJPY,H1: 131.813
0	00:09:17.326	FxTrade USDJPY,H1: 131.817
0	00:09:17.405	FxTrade USDJPY,H1: 131.816
0	00:09:18.090	FxTrade USDJPY,H1: 131.817
0	00:09:18.184	FxTrade USDJPY,H1: 131.816
0	00:09:18.263	FxTrade USDJPY,H1: 131.815
0	00:09:19.161	FxTrade USDJPY,H1: 131.814
0	00:09:19.775	FxTrade USDJPY,H1: 131.815
0	00:09:19.853	FxTrade USDJPY,H1: 131.816
0	00:09:20.137	FxTrade USDJPY,H1: 131.817
0	00:09:20.200	FxTrade USDJPY,H1: 131.818
0	00:09:20.468	FxTrade USDJPY,H1: 131.819
0	00:09:20.562	FxTrade USDJPY,H1: 131.821
0	00:09:22.231	FxTrade USDJPY,H1: 131.819
0	00:09:22.293	FxTrade USDJPY,H1: 131.816
0	00:09:22.545	FxTrade USDJPY,H1: 131.815
0	00:09:22.811	FxTrade USDJPY,H1: 131.816
0	00:09:23.157	FxTrade USDJPY,H1: 131.817
0	00:09:23.503	FxTrade USDJPY,H1: 131.818
0	00:09:24.290	FxTrade USDJPY,H1: 131.82
0	00:09:24.400	FxTrade USDJPY,H1: 131.821
0	00:09:24.730	FxTrade USDJPY,H1: 131.823
0	00:09:24.825	FxTrade USDJPY,H1: 131.825
0	00:09:24.997	FxTrade USDJPY,H1: 131.824
0	00:09:25.092	FxTrade USDJPY,H1: 131.826
0	00:09:25.438	FxTrade USDJPY,H1: 131.827
0	00:09:25.879	FxTrade USDJPY,H1: 131.826
0	00:09:26.115	FxTrade USDJPY,H1: 131.827
0	00:09:26.382	FxTrade USDJPY,H1: 131.826
0	00:09:26.555	FxTrade USDJPY,H1: 131.827
0	00:09:26.634	FxTrade USDJPY,H1: 131.826
0	00:09:28.115	FxTrade USDJPY,H1: 131.827
0	00:09:28.649	FxTrade USDJPY,H1: 131.826
0	00:09:28.743	FxTrade USDJPY,H1: 131.827
0	00:09:29.187	FxTrade USDJPY,H1: 131.826
0	00:09:29.344	FxTrade USDJPY,H1: 131.828
0	00:09:29.439	FxTrade USDJPY,H1: 131.83
0	00:09:29.942	FxTrade USDJPY,H1: 131.831
0	00:09:30.604	FxTrade USDJPY,H1: 131.834
0	00:09:31.092	FxTrade USDJPY,H1: 131.833
0	00:09:31.186	FxTrade USDJPY,H1: 131.832
0	00:09:31.249	FxTrade USDJPY,H1: 131.831
0	00:09:33.326	FxTrade USDJPY,H1: 131.83
0	00:09:34.238	FxTrade USDJPY,H1: 131.831
0	00:09:34.333	FxTrade USDJPY,H1: 131.832
0	00:09:34.776	FxTrade USDJPY,H1: 131.835
0	00:09:34.931	FxTrade USDJPY,H1: 131.834
0	00:09:35.010	FxTrade USDJPY,H1: 131.835
0	00:09:36.045	FxTrade USDJPY,H1: 131.837
0	00:09:36.155	FxTrade USDJPY,H1: 131.838
0	00:09:36.249	FxTrade USDJPY,H1: 131.839
0	00:09:37.287	FxTrade USDJPY,H1: 131.838
0	00:09:37.366	FxTrade USDJPY,H1: 131.837
0	00:09:37.823	FxTrade USDJPY,H1: 131.836
0	00:09:37.901	FxTrade USDJPY,H1: 131.837
0	00:09:37.996	FxTrade USDJPY,H1: 131.835
0	00:09:38.137	FxTrade USDJPY,H1: 131.834
0	00:09:39.899	FxTrade USDJPY,H1: 131.835
0	00:09:40.843	FxTrade USDJPY,H1: 131.831
0	00:09:40.953	FxTrade USDJPY,H1: 131.827
0	00:09:41.032	FxTrade USDJPY,H1: 131.829
0	00:09:41.096	FxTrade USDJPY,H1: 131.826
0	00:09:41.472	FxTrade USDJPY,H1: 131.825
0	00:09:41.991	FxTrade USDJPY,H1: 131.824
0	00:09:42.510	FxTrade USDJPY,H1: 131.825
0	00:09:43.281	FxTrade USDJPY,H1: 131.824
0	00:09:43.548	FxTrade USDJPY,H1: 131.825
0	00:09:43.816	FxTrade USDJPY,H1: 131.828
0	00:09:43.879	FxTrade USDJPY,H1: 131.827
0	00:09:43.988	FxTrade USDJPY,H1: 131.828
0	00:09:44.162	FxTrade USDJPY,H1: 131.829
0	00:09:44.668	FxTrade USDJPY,H1: 131.828
0	00:09:45.202	FxTrade USDJPY,H1: 131.829
0	00:09:45.375	FxTrade USDJPY,H1: 131.831
0	00:09:45.470	FxTrade USDJPY,H1: 131.833
0	00:09:45.548	FxTrade USDJPY,H1: 131.829
0	00:09:45.643	FxTrade USDJPY,H1: 131.826
0	00:09:45.800	FxTrade USDJPY,H1: 131.825
0	00:09:46.507	FxTrade USDJPY,H1: 131.827
0	00:09:46.601	FxTrade USDJPY,H1: 131.829
0	00:09:46.680	FxTrade USDJPY,H1: 131.83
0	00:09:49.749	FxTrade USDJPY,H1: 131.829
0	00:09:49.844	FxTrade USDJPY,H1: 131.826
0	00:09:50.189	FxTrade USDJPY,H1: 131.825
0	00:09:51.749	FxTrade USDJPY,H1: 131.827
0	00:09:51.843	FxTrade USDJPY,H1: 131.832
0	00:09:51.922	FxTrade USDJPY,H1: 131.833
0	00:09:52.001	FxTrade USDJPY,H1: 131.828
0	00:09:52.079	FxTrade USDJPY,H1: 131.826
0	00:09:52.174	FxTrade USDJPY,H1: 131.825
0	00:09:52.614	FxTrade USDJPY,H1: 131.823
0	00:09:52.976	FxTrade USDJPY,H1: 131.824
0	00:09:53.133	FxTrade USDJPY,H1: 131.823
0	00:09:53.575	FxTrade USDJPY,H1: 131.825
0	00:09:54.189	FxTrade USDJPY,H1: 131.824
0	00:09:54.802	FxTrade USDJPY,H1: 131.825
0	00:09:54.959	FxTrade USDJPY,H1: 131.824
0	00:09:55.054	FxTrade USDJPY,H1: 131.82
0	00:09:55.132	FxTrade USDJPY,H1: 131.822
0	00:09:55.243	FxTrade USDJPY,H1: 131.823
0	00:09:56.108	FxTrade USDJPY,H1: 131.822
0	00:09:56.218	FxTrade USDJPY,H1: 131.821
0	00:09:57.414	FxTrade USDJPY,H1: 131.819
0	00:09:57.492	FxTrade USDJPY,H1: 131.82
0	00:09:57.603	FxTrade USDJPY,H1: 131.821
0	00:09:57.682	FxTrade USDJPY,H1: 131.824
0	00:09:57.744	FxTrade USDJPY,H1: 131.825
0	00:09:57.823	FxTrade USDJPY,H1: 131.826
0	00:09:58.028	FxTrade USDJPY,H1: 131.831
0	00:09:58.122	FxTrade USDJPY,H1: 131.833
0	00:09:58.972	FxTrade USDJPY,H1: 131.837
0	00:09:59.083	FxTrade USDJPY,H1: 131.838
0	00:09:59.287	FxTrade USDJPY,H1: 131.839
0	00:09:59.349	FxTrade USDJPY,H1: 131.84
0	00:09:59.412	FxTrade USDJPY,H1: 131.842
0	00:09:59.522	FxTrade USDJPY,H1: 131.84
0	00:10:00.120	FxTrade USDJPY,H1: 131.842
0	00:10:00.215	FxTrade USDJPY,H1: 131.841
0	00:10:00.638	FxTrade USDJPY,H1: 131.84
0	00:10:01.174	FxTrade USDJPY,H1: 131.841
0	00:10:01.237	FxTrade USDJPY,H1: 131.84
0	00:10:01.426	FxTrade USDJPY,H1: 131.841
0	00:10:01.787	FxTrade USDJPY,H1: 131.842
0	00:10:02.228	FxTrade USDJPY,H1: 131.843
0	00:10:03.266	FxTrade USDJPY,H1: 131.841
0	00:10:03.345	FxTrade USDJPY,H1: 131.84
0	00:10:03.455	FxTrade USDJPY,H1: 131.838
0	00:10:04.399	FxTrade USDJPY,H1: 131.837
0	00:10:05.297	FxTrade USDJPY,H1: 131.836
0	00:10:05.391	FxTrade USDJPY,H1: 131.834
0	00:10:06.334	FxTrade USDJPY,H1: 131.832
0	00:10:06.774	FxTrade USDJPY,H1: 131.834
0	00:10:06.868	FxTrade USDJPY,H1: 131.835
0	00:10:06.963	FxTrade USDJPY,H1: 131.838
0	00:10:07.041	FxTrade USDJPY,H1: 131.84
0	00:10:07.230	FxTrade USDJPY,H1: 131.841
0	00:10:08.457	FxTrade USDJPY,H1: 131.842
0	00:10:08.583	FxTrade USDJPY,H1: 131.843
0	00:10:09.149	FxTrade USDJPY,H1: 131.842
0	00:10:09.307	FxTrade USDJPY,H1: 131.841
0	00:10:09.464	FxTrade USDJPY,H1: 131.842
0	00:10:09.920	FxTrade USDJPY,H1: 131.843
0	00:10:10.344	FxTrade USDJPY,H1: 131.844
1	00:11:49.106	FxTrade USDJPY,H1: debugging terminated
0	00:11:49.122	FxTrade USDJPY,H1: uninit reason 4
0	00:11:49.169	Expert FxTrade USDJPY,H1: removed
0	00:12:15.724	Expert FxTrade USDJPY,H1: loaded successfully
0	00:12:17.520	FxTrade USDJPY,H1: initialized
0	00:12:18.370	FxTrade USDJPY,H1: 131.8
0	00:12:19.157	FxTrade USDJPY,H1: 131.799
0	00:12:20.368	FxTrade USDJPY,H1: 131.8
0	00:12:20.478	FxTrade USDJPY,H1: 131.799
0	00:12:21.249	FxTrade USDJPY,H1: 131.8
0	00:12:21.501	FxTrade USDJPY,H1: 131.799
0	00:12:24.535	FxTrade USDJPY,H1: 131.8
0	00:12:25.857	FxTrade USDJPY,H1: 131.799
0	00:12:26.109	FxTrade USDJPY,H1: 131.798
0	00:12:26.943	FxTrade USDJPY,H1: 131.799
0	00:12:28.437	FxTrade USDJPY,H1: 131.794
0	00:12:28.532	FxTrade USDJPY,H1: 131.791
0	00:12:28.957	FxTrade USDJPY,H1: 131.793
0	00:12:29.050	FxTrade USDJPY,H1: 131.794
0	00:12:29.129	FxTrade USDJPY,H1: 131.796
0	00:12:29.428	FxTrade USDJPY,H1: 131.798
0	00:12:29.568	FxTrade USDJPY,H1: 131.799
0	00:12:30.466	FxTrade USDJPY,H1: 131.798
0	00:12:30.544	FxTrade USDJPY,H1: 131.796
0	00:12:30.623	FxTrade USDJPY,H1: 131.797
0	00:12:32.858	FxTrade USDJPY,H1: 131.796
0	00:12:34.007	FxTrade USDJPY,H1: 131.797
0	00:12:34.589	FxTrade USDJPY,H1: 131.796
0	00:12:34.699	FxTrade USDJPY,H1: 131.797
0	00:12:35.233	FxTrade USDJPY,H1: 131.798
0	00:12:35.391	FxTrade USDJPY,H1: 131.799
0	00:12:38.255	FxTrade USDJPY,H1: 131.798
0	00:12:39.215	FxTrade USDJPY,H1: 131.797
0	00:12:39.561	FxTrade USDJPY,H1: 131.795
0	00:12:39.671	FxTrade USDJPY,H1: 131.792
0	00:12:40.017	FxTrade USDJPY,H1: 131.791
0	00:12:40.269	FxTrade USDJPY,H1: 131.79
0	00:12:40.348	FxTrade USDJPY,H1: 131.791
0	00:12:40.442	FxTrade USDJPY,H1: 131.79
0	00:12:40.788	FxTrade USDJPY,H1: 131.788
0	00:12:40.898	FxTrade USDJPY,H1: 131.786
0	00:12:40.961	FxTrade USDJPY,H1: 131.785
0	00:12:41.055	FxTrade USDJPY,H1: 131.786
0	00:12:41.134	FxTrade USDJPY,H1: 131.785
0	00:12:43.161	FxTrade USDJPY,H1: 131.786
0	00:12:43.428	FxTrade USDJPY,H1: 131.788
0	00:12:43.507	FxTrade USDJPY,H1: 131.79
0	00:12:43.600	FxTrade USDJPY,H1: 131.791
0	00:12:44.215	FxTrade USDJPY,H1: 131.794
0	00:12:44.309	FxTrade USDJPY,H1: 131.793
0	00:12:45.315	FxTrade USDJPY,H1: 131.794
0	00:12:45.692	FxTrade USDJPY,H1: 131.793
0	00:12:46.308	FxTrade USDJPY,H1: 131.79
0	00:12:49.862	FxTrade USDJPY,H1: 131.792
0	00:12:49.941	FxTrade USDJPY,H1: 131.793
0	00:12:53.135	FxTrade USDJPY,H1: 131.794
0	00:12:53.308	FxTrade USDJPY,H1: 131.795
0	00:12:53.403	FxTrade USDJPY,H1: 131.794
0	00:12:53.496	FxTrade USDJPY,H1: 131.795
0	00:12:53.748	FxTrade USDJPY,H1: 131.794
0	00:12:54.110	FxTrade USDJPY,H1: 131.795
0	00:12:54.457	FxTrade USDJPY,H1: 131.794
0	00:12:55.416	FxTrade USDJPY,H1: 131.796
0	00:12:55.479	FxTrade USDJPY,H1: 131.797
0	00:12:56.534	FxTrade USDJPY,H1: 131.799
0	00:12:57.431	FxTrade USDJPY,H1: 131.804
0	00:12:57.510	FxTrade USDJPY,H1: 131.813
0	00:12:57.573	FxTrade USDJPY,H1: 131.815
0	00:12:57.667	FxTrade USDJPY,H1: 131.816
0	00:12:58.282	FxTrade USDJPY,H1: 131.814
0	00:12:58.455	FxTrade USDJPY,H1: 131.815
0	00:12:59.320	FxTrade USDJPY,H1: 131.814
0	00:12:59.414	FxTrade USDJPY,H1: 131.815
0	00:12:59.588	FxTrade USDJPY,H1: 131.816
0	00:13:00.374	FxTrade USDJPY,H1: 131.812
0	00:13:01.255	FxTrade USDJPY,H1: 131.811
0	00:13:01.334	FxTrade USDJPY,H1: 131.814
0	00:13:01.790	FxTrade USDJPY,H1: 131.816
0	00:13:02.231	FxTrade USDJPY,H1: 131.817
0	00:13:03.082	FxTrade USDJPY,H1: 131.816
0	00:13:04.011	FxTrade USDJPY,H1: 131.817
0	00:13:04.105	FxTrade USDJPY,H1: 131.812
0	00:13:04.200	FxTrade USDJPY,H1: 131.811
0	00:13:04.294	FxTrade USDJPY,H1: 131.809
0	00:13:05.065	FxTrade USDJPY,H1: 131.808
0	00:13:05.175	FxTrade USDJPY,H1: 131.809
0	00:13:05.269	FxTrade USDJPY,H1: 131.808
0	00:13:06.104	FxTrade USDJPY,H1: 131.809
0	00:13:06.528	FxTrade USDJPY,H1: 131.807
0	00:13:06.718	FxTrade USDJPY,H1: 131.806
0	00:13:06.891	FxTrade USDJPY,H1: 131.807
0	00:13:06.986	FxTrade USDJPY,H1: 131.808
0	00:13:07.064	FxTrade USDJPY,H1: 131.805
0	00:13:07.158	FxTrade USDJPY,H1: 131.804
0	00:13:07.678	FxTrade USDJPY,H1: 131.802
0	00:13:07.788	FxTrade USDJPY,H1: 131.803
0	00:13:07.946	FxTrade USDJPY,H1: 131.804
0	00:13:08.135	FxTrade USDJPY,H1: 131.805
0	00:13:08.229	FxTrade USDJPY,H1: 131.807
0	00:13:08.308	FxTrade USDJPY,H1: 131.808
0	00:13:08.559	FxTrade USDJPY,H1: 131.809
0	00:13:09.016	FxTrade USDJPY,H1: 131.807
0	00:13:09.786	FxTrade USDJPY,H1: 131.805
0	00:13:09.881	FxTrade USDJPY,H1: 131.804
0	00:13:10.259	FxTrade USDJPY,H1: 131.805
0	00:13:10.588	FxTrade USDJPY,H1: 131.808
0	00:13:10.762	FxTrade USDJPY,H1: 131.809
0	00:13:11.722	FxTrade USDJPY,H1: 131.808
0	00:13:12.682	FxTrade USDJPY,H1: 131.809
0	00:13:12.935	FxTrade USDJPY,H1: 131.811
0	00:13:13.139	FxTrade USDJPY,H1: 131.815
0	00:13:13.720	FxTrade USDJPY,H1: 131.816
0	00:13:13.971	FxTrade USDJPY,H1: 131.817
0	00:13:15.071	FxTrade USDJPY,H1: 131.815
0	00:13:15.165	FxTrade USDJPY,H1: 131.811
0	00:13:15.244	FxTrade USDJPY,H1: 131.809
0	00:13:15.322	FxTrade USDJPY,H1: 131.81
0	00:13:15.385	FxTrade USDJPY,H1: 131.812
0	00:13:16.627	FxTrade USDJPY,H1: 131.813
0	00:13:17.067	FxTrade USDJPY,H1: 131.811
0	00:13:17.129	FxTrade USDJPY,H1: 131.812
0	00:13:17.413	FxTrade USDJPY,H1: 131.811
0	00:13:17.491	FxTrade USDJPY,H1: 131.812
3	00:14:00.804	FxTrade USDJPY,H1: trade operations not allowed by settings
0	00:14:01.984	FxTrade USDJPY,H1: エラーコード:0 , 詳細:trade is not allowed in the expert properties 
1	00:14:06.939	FxTrade USDJPY,H1: debugging terminated
0	00:14:06.954	FxTrade USDJPY,H1: uninit reason 4
0	00:14:07.002	Expert FxTrade USDJPY,H1: removed
0	00:19:35.817	Expert FxTrade USDJPY,H1: loaded successfully
0	00:19:37.693	FxTrade USDJPY,H1: initialized
0	00:19:38.148	FxTrade USDJPY,H1: 131.853
0	00:19:38.416	FxTrade USDJPY,H1: 131.854
0	00:19:38.683	FxTrade USDJPY,H1: 131.851
0	00:19:39.833	FxTrade USDJPY,H1: 131.85
0	00:19:41.251	FxTrade USDJPY,H1: 131.851
0	00:19:41.376	FxTrade USDJPY,H1: 131.85
0	00:19:41.565	FxTrade USDJPY,H1: 131.851
0	00:19:41.848	FxTrade USDJPY,H1: 131.852
0	00:19:42.776	FxTrade USDJPY,H1: 131.853
0	00:19:43.736	FxTrade USDJPY,H1: 131.852
0	00:19:43.847	FxTrade USDJPY,H1: 131.851
0	00:19:43.925	FxTrade USDJPY,H1: 131.852
0	00:19:45.330	FxTrade USDJPY,H1: 131.85
0	00:19:49.155	FxTrade USDJPY,H1: 131.849
0	00:19:49.674	FxTrade USDJPY,H1: 131.85
0	00:19:50.287	FxTrade USDJPY,H1: 131.849
0	00:19:50.979	FxTrade USDJPY,H1: 131.85
0	00:19:52.207	FxTrade USDJPY,H1: 131.849
0	00:19:53.072	FxTrade USDJPY,H1: 131.853
0	00:19:53.166	FxTrade USDJPY,H1: 131.857
0	00:19:53.229	FxTrade USDJPY,H1: 131.859
0	00:19:53.512	FxTrade USDJPY,H1: 131.86
0	00:19:53.591	FxTrade USDJPY,H1: 131.865
0	00:19:53.685	FxTrade USDJPY,H1: 131.866
0	00:19:53.779	FxTrade USDJPY,H1: 131.867
0	00:19:53.937	FxTrade USDJPY,H1: 131.868
0	00:19:54.189	FxTrade USDJPY,H1: 131.867
0	00:19:54.645	FxTrade USDJPY,H1: 131.868
0	00:19:54.975	FxTrade USDJPY,H1: 131.866
0	00:19:55.413	FxTrade USDJPY,H1: 131.867
0	00:19:55.492	FxTrade USDJPY,H1: 131.866
0	00:19:55.841	FxTrade USDJPY,H1: 131.867
0	00:19:56.972	FxTrade USDJPY,H1: 131.866
0	00:19:57.742	FxTrade USDJPY,H1: 131.867
0	00:19:58.324	FxTrade USDJPY,H1: 131.866
0	00:19:59.331	FxTrade USDJPY,H1: 131.867
0	00:19:59.410	FxTrade USDJPY,H1: 131.868
0	00:20:00.714	FxTrade USDJPY,H1: 131.87
0	00:20:00.823	FxTrade USDJPY,H1: 131.872
0	00:20:01.768	FxTrade USDJPY,H1: 131.874
0	00:20:01.878	FxTrade USDJPY,H1: 131.875
0	00:20:01.988	FxTrade USDJPY,H1: 131.868
0	00:20:02.239	FxTrade USDJPY,H1: 131.867
0	00:20:02.396	FxTrade USDJPY,H1: 131.866
0	00:20:02.491	FxTrade USDJPY,H1: 131.865
0	00:20:02.601	FxTrade USDJPY,H1: 131.866
0	00:20:02.680	FxTrade USDJPY,H1: 131.867
0	00:20:03.198	FxTrade USDJPY,H1: 131.866
0	00:20:03.906	FxTrade USDJPY,H1: 131.867
0	00:20:04.080	FxTrade USDJPY,H1: 131.863
0	00:20:04.363	FxTrade USDJPY,H1: 131.862
0	00:20:04.442	FxTrade USDJPY,H1: 131.861
0	00:20:04.536	FxTrade USDJPY,H1: 131.862
0	00:20:04.630	FxTrade USDJPY,H1: 131.863
0	00:20:04.709	FxTrade USDJPY,H1: 131.862
0	00:20:04.788	FxTrade USDJPY,H1: 131.861
0	00:20:05.150	FxTrade USDJPY,H1: 131.856
0	00:20:05.228	FxTrade USDJPY,H1: 131.854
0	00:20:05.322	FxTrade USDJPY,H1: 131.853
0	00:20:05.417	FxTrade USDJPY,H1: 131.854
0	00:20:05.653	FxTrade USDJPY,H1: 131.853
0	00:20:05.748	FxTrade USDJPY,H1: 131.851
0	00:20:05.826	FxTrade USDJPY,H1: 131.852
0	00:20:07.244	FxTrade USDJPY,H1: 131.853
0	00:20:07.748	FxTrade USDJPY,H1: 131.857
0	00:20:07.858	FxTrade USDJPY,H1: 131.859
0	00:20:08.000	FxTrade USDJPY,H1: 131.86
0	00:20:08.189	FxTrade USDJPY,H1: 131.862
0	00:20:08.629	FxTrade USDJPY,H1: 131.863
0	00:20:08.724	FxTrade USDJPY,H1: 131.862
0	00:20:08.786	FxTrade USDJPY,H1: 131.861
0	00:20:09.070	FxTrade USDJPY,H1: 131.862
0	00:20:09.164	FxTrade USDJPY,H1: 131.861
0	00:20:09.227	FxTrade USDJPY,H1: 131.862
0	00:20:09.668	FxTrade USDJPY,H1: 131.863
0	00:20:10.566	FxTrade USDJPY,H1: 131.864
0	00:20:10.629	FxTrade USDJPY,H1: 131.865
0	00:20:11.180	FxTrade USDJPY,H1: 131.864
0	00:20:11.353	FxTrade USDJPY,H1: 131.863
0	00:20:11.794	FxTrade USDJPY,H1: 131.866
0	00:20:11.873	FxTrade USDJPY,H1: 131.869
0	00:20:11.951	FxTrade USDJPY,H1: 131.87
0	00:20:12.045	FxTrade USDJPY,H1: 131.871
0	00:20:12.219	FxTrade USDJPY,H1: 131.87
0	00:20:12.375	FxTrade USDJPY,H1: 131.871
0	00:20:12.470	FxTrade USDJPY,H1: 131.87
0	00:20:12.549	FxTrade USDJPY,H1: 131.872
0	00:20:13.037	FxTrade USDJPY,H1: 131.876
0	00:20:14.232	FxTrade USDJPY,H1: 131.877
0	00:20:15.019	FxTrade USDJPY,H1: 131.883
0	00:20:15.192	FxTrade USDJPY,H1: 131.884
0	00:20:15.476	FxTrade USDJPY,H1: 131.882
0	00:20:16.436	FxTrade USDJPY,H1: 131.881
0	00:20:17.396	FxTrade USDJPY,H1: 131.882
0	00:20:18.496	FxTrade USDJPY,H1: 131.881
0	00:20:19.111	FxTrade USDJPY,H1: 131.879
0	00:20:19.394	FxTrade USDJPY,H1: 131.878
0	00:20:19.473	FxTrade USDJPY,H1: 131.877
0	00:20:19.638	FxTrade USDJPY,H1: 131.878
0	00:20:19.816	FxTrade USDJPY,H1: 131.879
0	00:20:19.989	FxTrade USDJPY,H1: 131.88
0	00:20:20.241	FxTrade USDJPY,H1: 131.879
0	00:20:20.352	FxTrade USDJPY,H1: 131.878
0	00:20:20.414	FxTrade USDJPY,H1: 131.877
0	00:20:21.028	FxTrade USDJPY,H1: 131.878
0	00:20:21.106	FxTrade USDJPY,H1: 131.879
0	00:20:21.374	FxTrade USDJPY,H1: 131.881
0	00:20:21.847	FxTrade USDJPY,H1: 131.883
0	00:20:22.287	FxTrade USDJPY,H1: 131.882
0	00:20:22.680	FxTrade USDJPY,H1: 131.881
0	00:20:22.790	FxTrade USDJPY,H1: 131.882
0	00:20:22.853	FxTrade USDJPY,H1: 131.885
0	00:20:22.979	FxTrade USDJPY,H1: 131.884
0	00:20:24.349	FxTrade USDJPY,H1: 131.883
0	00:20:24.427	FxTrade USDJPY,H1: 131.884
0	00:20:24.947	FxTrade USDJPY,H1: 131.883
0	00:20:25.246	FxTrade USDJPY,H1: 131.879
0	00:20:25.340	FxTrade USDJPY,H1: 131.875
0	00:20:25.497	FxTrade USDJPY,H1: 131.873
0	00:20:25.765	FxTrade USDJPY,H1: 131.874
0	00:20:26.017	FxTrade USDJPY,H1: 131.873
0	00:20:26.206	FxTrade USDJPY,H1: 131.872
0	00:20:26.269	FxTrade USDJPY,H1: 131.871
0	00:20:27.182	FxTrade USDJPY,H1: 131.873
0	00:20:27.245	FxTrade USDJPY,H1: 131.876
0	00:20:27.355	FxTrade USDJPY,H1: 131.882
0	00:20:28.394	FxTrade USDJPY,H1: 131.881
0	00:20:28.457	FxTrade USDJPY,H1: 131.882
0	00:20:28.740	FxTrade USDJPY,H1: 131.883
0	00:20:29.354	FxTrade USDJPY,H1: 131.884
0	00:20:30.282	FxTrade USDJPY,H1: 131.883
0	00:20:31.510	FxTrade USDJPY,H1: 131.884
0	00:20:32.219	FxTrade USDJPY,H1: 131.883
0	00:20:32.644	FxTrade USDJPY,H1: 131.884
0	00:20:32.991	FxTrade USDJPY,H1: 131.885
0	00:20:33.163	FxTrade USDJPY,H1: 131.884
0	00:20:33.509	FxTrade USDJPY,H1: 131.885
0	00:20:34.454	FxTrade USDJPY,H1: 131.884
0	00:20:34.533	FxTrade USDJPY,H1: 131.885
0	00:20:34.753	FxTrade USDJPY,H1: 131.889
0	00:20:34.847	FxTrade USDJPY,H1: 131.893
0	00:20:34.895	FxTrade USDJPY,H1: 131.894
0	00:20:35.179	FxTrade USDJPY,H1: 131.893
0	00:20:35.288	FxTrade USDJPY,H1: 131.892
0	00:20:35.524	FxTrade USDJPY,H1: 131.888
0	00:20:35.619	FxTrade USDJPY,H1: 131.887
0	00:20:35.776	FxTrade USDJPY,H1: 131.886
0	00:20:35.965	FxTrade USDJPY,H1: 131.885
0	00:20:36.044	FxTrade USDJPY,H1: 131.886
0	00:20:36.201	FxTrade USDJPY,H1: 131.885
0	00:20:36.311	FxTrade USDJPY,H1: 131.886
0	00:20:36.373	FxTrade USDJPY,H1: 131.887
0	00:20:36.484	FxTrade USDJPY,H1: 131.886
0	00:20:36.657	FxTrade USDJPY,H1: 131.887
0	00:20:37.334	FxTrade USDJPY,H1: 131.886
3	00:21:13.030	FxTrade USDJPY,H1: trade operations not allowed by settings
0	00:21:17.605	FxTrade USDJPY,H1: エラーコード:0 , 詳細:trade is not allowed in the expert properties 
1	00:21:41.847	FxTrade USDJPY,H1: debugging terminated
0	00:21:41.863	FxTrade USDJPY,H1: uninit reason 4
0	00:21:41.910	Expert FxTrade USDJPY,H1: removed
0	00:21:53.625	Expert FxTrade USDJPY,H1: loaded successfully
0	00:21:59.311	FxTrade USDJPY,H1: initialized
0	00:22:00.113	FxTrade USDJPY,H1: 131.842
0	00:22:00.208	FxTrade USDJPY,H1: 131.843
0	00:22:00.318	FxTrade USDJPY,H1: 131.842
0	00:22:00.633	FxTrade USDJPY,H1: 131.843
0	00:22:00.728	FxTrade USDJPY,H1: 131.844
0	00:22:00.979	FxTrade USDJPY,H1: 131.846
0	00:22:01.089	FxTrade USDJPY,H1: 131.847
0	00:22:01.168	FxTrade USDJPY,H1: 131.848
0	00:22:01.704	FxTrade USDJPY,H1: 131.847
0	00:22:02.224	FxTrade USDJPY,H1: 131.844
0	00:22:02.759	FxTrade USDJPY,H1: 131.845
0	00:22:02.822	FxTrade USDJPY,H1: 131.846
0	00:22:02.901	FxTrade USDJPY,H1: 131.845
0	00:22:03.262	FxTrade USDJPY,H1: 131.843
0	00:22:03.326	FxTrade USDJPY,H1: 131.842
0	00:22:04.034	FxTrade USDJPY,H1: 131.841
0	00:22:04.238	FxTrade USDJPY,H1: 131.842
0	00:22:04.395	FxTrade USDJPY,H1: 131.844
0	00:22:04.757	FxTrade USDJPY,H1: 131.843
0	00:22:05.088	FxTrade USDJPY,H1: 131.844
0	00:22:08.943	FxTrade USDJPY,H1: 131.843
0	00:22:09.210	FxTrade USDJPY,H1: 131.842
0	00:22:09.289	FxTrade USDJPY,H1: 131.843
0	00:22:09.384	FxTrade USDJPY,H1: 131.844
0	00:22:11.319	FxTrade USDJPY,H1: 131.847
0	00:22:11.367	FxTrade USDJPY,H1: 131.844
0	00:22:12.153	FxTrade USDJPY,H1: 131.843
0	00:22:12.404	FxTrade USDJPY,H1: 131.842
0	00:22:12.514	FxTrade USDJPY,H1: 131.843
0	00:22:13.285	FxTrade USDJPY,H1: 131.841
0	00:22:14.072	FxTrade USDJPY,H1: 131.84
0	00:22:14.418	FxTrade USDJPY,H1: 131.841
0	00:22:14.670	FxTrade USDJPY,H1: 131.839
0	00:22:14.795	FxTrade USDJPY,H1: 131.838
0	00:22:14.874	FxTrade USDJPY,H1: 131.837
0	00:22:15.221	FxTrade USDJPY,H1: 131.839
0	00:22:15.299	FxTrade USDJPY,H1: 131.84
0	00:22:15.473	FxTrade USDJPY,H1: 131.841
0	00:22:15.740	FxTrade USDJPY,H1: 131.842
0	00:22:15.835	FxTrade USDJPY,H1: 131.843
0	00:22:16.952	FxTrade USDJPY,H1: 131.842
0	00:22:18.431	FxTrade USDJPY,H1: 131.843
0	00:22:18.856	FxTrade USDJPY,H1: 131.842
0	00:22:19.091	FxTrade USDJPY,H1: 131.844
0	00:22:19.233	FxTrade USDJPY,H1: 131.843
0	00:22:19.820	FxTrade USDJPY,H1: 131.842
0	00:22:19.906	FxTrade USDJPY,H1: 131.843
0	00:22:21.070	FxTrade USDJPY,H1: 131.844
0	00:22:21.337	FxTrade USDJPY,H1: 131.845
0	00:22:21.667	FxTrade USDJPY,H1: 131.843
0	00:22:21.761	FxTrade USDJPY,H1: 131.844
0	00:22:23.603	FxTrade USDJPY,H1: 131.843
0	00:22:23.681	FxTrade USDJPY,H1: 131.848
0	00:22:23.854	FxTrade USDJPY,H1: 131.849
0	00:22:24.106	FxTrade USDJPY,H1: 131.85
0	00:22:25.160	FxTrade USDJPY,H1: 131.849
0	00:22:26.042	FxTrade USDJPY,H1: 131.85
0	00:22:26.640	FxTrade USDJPY,H1: 131.849
0	00:22:27.600	FxTrade USDJPY,H1: 131.847
0	00:22:28.545	FxTrade USDJPY,H1: 131.846
0	00:22:28.639	FxTrade USDJPY,H1: 131.847
0	00:22:28.813	FxTrade USDJPY,H1: 131.846
0	00:22:29.096	FxTrade USDJPY,H1: 131.849
0	00:22:29.332	FxTrade USDJPY,H1: 131.851
0	00:22:30.291	FxTrade USDJPY,H1: 131.853
0	00:22:30.386	FxTrade USDJPY,H1: 131.854
0	00:22:30.498	FxTrade USDJPY,H1: 131.855
0	00:22:30.669	FxTrade USDJPY,H1: 131.854
0	00:22:31.409	FxTrade USDJPY,H1: 131.853
0	00:22:31.519	FxTrade USDJPY,H1: 131.851
0	00:22:31.598	FxTrade USDJPY,H1: 131.852
0	00:22:31.692	FxTrade USDJPY,H1: 131.853
0	00:22:31.787	FxTrade USDJPY,H1: 131.852
0	00:22:31.880	FxTrade USDJPY,H1: 131.853
0	00:22:32.290	FxTrade USDJPY,H1: 131.852
0	00:22:32.574	FxTrade USDJPY,H1: 131.853
0	00:22:33.361	FxTrade USDJPY,H1: 131.855
0	00:22:34.667	FxTrade USDJPY,H1: 131.854
0	00:22:35.344	FxTrade USDJPY,H1: 131.853
0	00:22:35.439	FxTrade USDJPY,H1: 131.852
0	00:22:35.611	FxTrade USDJPY,H1: 131.85
0	00:22:35.690	FxTrade USDJPY,H1: 131.849
0	00:22:36.303	FxTrade USDJPY,H1: 131.848
0	00:22:36.398	FxTrade USDJPY,H1: 131.847
0	00:22:37.342	FxTrade USDJPY,H1: 131.844
0	00:22:37.767	FxTrade USDJPY,H1: 131.843
0	00:22:39.058	FxTrade USDJPY,H1: 131.842
0	00:22:40.001	FxTrade USDJPY,H1: 131.843
0	00:22:41.053	FxTrade USDJPY,H1: 131.842
0	00:22:41.494	FxTrade USDJPY,H1: 131.844
0	00:22:41.573	FxTrade USDJPY,H1: 131.843
0	00:22:42.439	FxTrade USDJPY,H1: 131.846
0	00:22:42.517	FxTrade USDJPY,H1: 131.849
0	00:22:42.706	FxTrade USDJPY,H1: 131.85
0	00:22:43.163	FxTrade USDJPY,H1: 131.849
0	00:22:43.667	FxTrade USDJPY,H1: 131.85
0	00:22:43.746	FxTrade USDJPY,H1: 131.849
0	00:22:44.362	FxTrade USDJPY,H1: 131.848
0	00:22:44.708	FxTrade USDJPY,H1: 131.85
0	00:22:47.643	FxTrade USDJPY,H1: 131.849
0	00:22:48.163	FxTrade USDJPY,H1: 131.85
0	00:22:48.698	FxTrade USDJPY,H1: 131.849
0	00:22:48.792	FxTrade USDJPY,H1: 131.847
0	00:22:48.949	FxTrade USDJPY,H1: 131.846
0	00:22:49.658	FxTrade USDJPY,H1: 131.844
0	00:22:49.815	FxTrade USDJPY,H1: 131.843
0	00:22:50.256	FxTrade USDJPY,H1: 131.844
0	00:22:50.445	FxTrade USDJPY,H1: 131.846
0	00:22:50.507	FxTrade USDJPY,H1: 131.849
0	00:22:51.152	FxTrade USDJPY,H1: 131.847
0	00:22:51.231	FxTrade USDJPY,H1: 131.845
0	00:22:51.310	FxTrade USDJPY,H1: 131.844
0	00:22:51.499	FxTrade USDJPY,H1: 131.842
0	00:22:52.505	FxTrade USDJPY,H1: 131.843
0	00:22:52.883	FxTrade USDJPY,H1: 131.842
0	00:22:53.040	FxTrade USDJPY,H1: 131.845
0	00:22:53.134	FxTrade USDJPY,H1: 131.846
0	00:22:53.197	FxTrade USDJPY,H1: 131.845
0	00:22:53.654	FxTrade USDJPY,H1: 131.843
0	00:22:54.346	FxTrade USDJPY,H1: 131.844
0	00:22:55.306	FxTrade USDJPY,H1: 131.843
0	00:22:58.518	FxTrade USDJPY,H1: 131.842
0	00:22:58.943	FxTrade USDJPY,H1: 131.843
3	00:23:17.882	FxTrade USDJPY,H1: trade operations not allowed by settings
0	00:23:20.433	FxTrade USDJPY,H1: エラーコード:0 , 詳細:trade is not allowed in the expert properties 
1	00:24:39.514	FxTrade USDJPY,H1: debugging terminated
0	00:24:39.529	FxTrade USDJPY,H1: uninit reason 4
0	00:24:39.576	Expert FxTrade USDJPY,H1: removed
0	00:25:11.065	Expert FxTrade USDJPY,H1: loaded successfully
0	00:25:12.866	FxTrade USDJPY,H1: initialized
0	00:25:12.960	FxTrade USDJPY,H1: 131.839
0	00:25:13.306	FxTrade USDJPY,H1: 131.838
0	00:25:13.730	FxTrade USDJPY,H1: 131.835
0	00:25:15.540	FxTrade USDJPY,H1: 131.836
0	00:25:16.059	FxTrade USDJPY,H1: 131.837
0	00:25:16.122	FxTrade USDJPY,H1: 131.838
0	00:25:16.985	FxTrade USDJPY,H1: 131.841
0	00:25:17.080	FxTrade USDJPY,H1: 131.84
0	00:25:17.346	FxTrade USDJPY,H1: 131.837
0	00:25:17.440	FxTrade USDJPY,H1: 131.835
0	00:25:18.982	FxTrade USDJPY,H1: 131.834
0	00:25:19.093	FxTrade USDJPY,H1: 131.835
0	00:25:19.611	FxTrade USDJPY,H1: 131.837
0	00:25:19.690	FxTrade USDJPY,H1: 131.842
0	00:25:19.800	FxTrade USDJPY,H1: 131.845
0	00:25:19.894	FxTrade USDJPY,H1: 131.846
0	00:25:20.130	FxTrade USDJPY,H1: 131.845
0	00:25:20.209	FxTrade USDJPY,H1: 131.846
0	00:25:20.319	FxTrade USDJPY,H1: 131.847
0	00:25:20.398	FxTrade USDJPY,H1: 131.848
0	00:25:20.493	FxTrade USDJPY,H1: 131.85
0	00:25:20.776	FxTrade USDJPY,H1: 131.847
0	00:25:21.169	FxTrade USDJPY,H1: 131.846
0	00:25:21.546	FxTrade USDJPY,H1: 131.844
0	00:25:21.593	FxTrade USDJPY,H1: 131.843
0	00:25:21.703	FxTrade USDJPY,H1: 131.844
0	00:25:22.742	FxTrade USDJPY,H1: 131.842
0	00:25:22.836	FxTrade USDJPY,H1: 131.841
0	00:25:23.088	FxTrade USDJPY,H1: 131.843
0	00:25:23.450	FxTrade USDJPY,H1: 131.842
0	00:25:23.529	FxTrade USDJPY,H1: 131.843
0	00:25:23.608	FxTrade USDJPY,H1: 131.842
0	00:25:24.678	FxTrade USDJPY,H1: 131.841
0	00:25:24.756	FxTrade USDJPY,H1: 131.839
0	00:25:24.929	FxTrade USDJPY,H1: 131.837
0	00:25:25.417	FxTrade USDJPY,H1: 131.836
0	00:25:25.857	FxTrade USDJPY,H1: 131.837
0	00:25:25.952	FxTrade USDJPY,H1: 131.839
0	00:25:27.085	FxTrade USDJPY,H1: 131.841
0	00:25:27.178	FxTrade USDJPY,H1: 131.842
0	00:25:27.541	FxTrade USDJPY,H1: 131.843
0	00:25:27.966	FxTrade USDJPY,H1: 131.846
0	00:25:28.060	FxTrade USDJPY,H1: 131.847
0	00:25:28.767	FxTrade USDJPY,H1: 131.843
0	00:25:28.862	FxTrade USDJPY,H1: 131.84
0	00:25:29.539	FxTrade USDJPY,H1: 131.841
0	00:25:29.885	FxTrade USDJPY,H1: 131.84
0	00:25:29.979	FxTrade USDJPY,H1: 131.843
0	00:25:30.137	FxTrade USDJPY,H1: 131.844
0	00:25:30.231	FxTrade USDJPY,H1: 131.846
0	00:25:30.404	FxTrade USDJPY,H1: 131.847
0	00:25:30.467	FxTrade USDJPY,H1: 131.846
0	00:25:30.750	FxTrade USDJPY,H1: 131.844
0	00:25:30.845	FxTrade USDJPY,H1: 131.843
0	00:25:31.318	FxTrade USDJPY,H1: 131.841
0	00:25:31.364	FxTrade USDJPY,H1: 131.839
0	00:25:31.632	FxTrade USDJPY,H1: 131.838
0	00:25:31.789	FxTrade USDJPY,H1: 131.839
0	00:25:31.963	FxTrade USDJPY,H1: 131.84
0	00:25:32.152	FxTrade USDJPY,H1: 131.841
0	00:25:32.576	FxTrade USDJPY,H1: 131.84
0	00:25:32.922	FxTrade USDJPY,H1: 131.841
0	00:25:33.016	FxTrade USDJPY,H1: 131.84
0	00:25:33.189	FxTrade USDJPY,H1: 131.841
0	00:25:34.495	FxTrade USDJPY,H1: 131.842
0	00:25:34.983	FxTrade USDJPY,H1: 131.839
0	00:25:35.329	FxTrade USDJPY,H1: 131.838
0	00:25:35.423	FxTrade USDJPY,H1: 131.837
0	00:25:35.518	FxTrade USDJPY,H1: 131.839
0	00:25:35.615	FxTrade USDJPY,H1: 131.84
0	00:25:36.036	FxTrade USDJPY,H1: 131.841
0	00:25:36.446	FxTrade USDJPY,H1: 131.84
0	00:25:36.619	FxTrade USDJPY,H1: 131.839
0	00:25:36.681	FxTrade USDJPY,H1: 131.834
0	00:25:36.744	FxTrade USDJPY,H1: 131.833
0	00:25:36.823	FxTrade USDJPY,H1: 131.834
0	00:25:37.529	FxTrade USDJPY,H1: 131.835
0	00:25:39.210	FxTrade USDJPY,H1: 131.834
0	00:25:39.273	FxTrade USDJPY,H1: 131.835
0	00:25:39.367	FxTrade USDJPY,H1: 131.834
0	00:25:39.541	FxTrade USDJPY,H1: 131.835
0	00:25:40.075	FxTrade USDJPY,H1: 131.836
0	00:25:40.248	FxTrade USDJPY,H1: 131.837
0	00:25:40.404	FxTrade USDJPY,H1: 131.838
0	00:25:40.499	FxTrade USDJPY,H1: 131.839
0	00:25:40.655	FxTrade USDJPY,H1: 131.838
0	00:25:40.938	FxTrade USDJPY,H1: 131.837
0	00:25:41.016	FxTrade USDJPY,H1: 131.836
0	00:25:41.174	FxTrade USDJPY,H1: 131.835
0	00:25:41.974	FxTrade USDJPY,H1: 131.836
0	00:25:42.069	FxTrade USDJPY,H1: 131.835
0	00:25:42.572	FxTrade USDJPY,H1: 131.836
0	00:25:42.744	FxTrade USDJPY,H1: 131.835
0	00:25:43.028	FxTrade USDJPY,H1: 131.834
0	00:25:43.389	FxTrade USDJPY,H1: 131.837
0	00:25:43.468	FxTrade USDJPY,H1: 131.839
0	00:25:43.547	FxTrade USDJPY,H1: 131.84
0	00:25:44.599	FxTrade USDJPY,H1: 131.841
0	00:25:44.679	FxTrade USDJPY,H1: 131.842
0	00:25:45.104	FxTrade USDJPY,H1: 131.841
0	00:25:45.700	FxTrade USDJPY,H1: 131.84
0	00:25:45.810	FxTrade USDJPY,H1: 131.841
0	00:25:46.061	FxTrade USDJPY,H1: 131.84
0	00:25:46.485	FxTrade USDJPY,H1: 131.841
0	00:25:46.753	FxTrade USDJPY,H1: 131.84
0	00:25:47.351	FxTrade USDJPY,H1: 131.839
0	00:25:47.541	FxTrade USDJPY,H1: 131.84
0	00:25:48.170	FxTrade USDJPY,H1: 131.839
0	00:25:48.295	FxTrade USDJPY,H1: 131.836
0	00:25:48.343	FxTrade USDJPY,H1: 131.835
0	00:25:49.191	FxTrade USDJPY,H1: 131.836
0	00:25:49.820	FxTrade USDJPY,H1: 131.835
0	00:25:50.340	FxTrade USDJPY,H1: 131.834
0	00:25:50.764	FxTrade USDJPY,H1: 131.833
0	00:25:50.875	FxTrade USDJPY,H1: 131.832
0	00:25:50.953	FxTrade USDJPY,H1: 131.833
0	00:25:51.047	FxTrade USDJPY,H1: 131.832
0	00:25:51.126	FxTrade USDJPY,H1: 131.831
0	00:25:51.205	FxTrade USDJPY,H1: 131.832
0	00:25:51.377	FxTrade USDJPY,H1: 131.831
0	00:25:51.472	FxTrade USDJPY,H1: 131.83
0	00:25:51.723	FxTrade USDJPY,H1: 131.831
0	00:25:52.416	FxTrade USDJPY,H1: 131.832
0	00:25:52.605	FxTrade USDJPY,H1: 131.833
0	00:25:52.684	FxTrade USDJPY,H1: 131.832
0	00:25:52.763	FxTrade USDJPY,H1: 131.83
0	00:25:52.936	FxTrade USDJPY,H1: 131.831
0	00:25:53.109	FxTrade USDJPY,H1: 131.832
0	00:25:53.391	FxTrade USDJPY,H1: 131.831
0	00:25:53.486	FxTrade USDJPY,H1: 131.83
0	00:25:53.580	FxTrade USDJPY,H1: 131.831
0	00:25:53.737	FxTrade USDJPY,H1: 131.832
0	00:25:53.816	FxTrade USDJPY,H1: 131.833
0	00:25:54.871	FxTrade USDJPY,H1: 131.832
0	00:25:55.453	FxTrade USDJPY,H1: 131.833
0	00:25:56.492	FxTrade USDJPY,H1: 131.832
0	00:25:57.295	FxTrade USDJPY,H1: 131.831
0	00:25:57.704	FxTrade USDJPY,H1: 131.829
0	00:25:57.814	FxTrade USDJPY,H1: 131.826
0	00:25:58.143	FxTrade USDJPY,H1: 131.825
0	00:25:58.237	FxTrade USDJPY,H1: 131.824
0	00:25:58.411	FxTrade USDJPY,H1: 131.825
0	00:25:58.742	FxTrade USDJPY,H1: 131.824
0	00:25:59.702	FxTrade USDJPY,H1: 131.823
0	00:26:00.331	FxTrade USDJPY,H1: 131.824
0	00:26:01.292	FxTrade USDJPY,H1: 131.819
0	00:26:01.370	FxTrade USDJPY,H1: 131.818
0	00:26:01.637	FxTrade USDJPY,H1: 131.816
0	00:26:02.409	FxTrade USDJPY,H1: 131.817
0	00:26:02.614	FxTrade USDJPY,H1: 131.816
0	00:26:03.337	FxTrade USDJPY,H1: 131.815
0	00:26:03.605	FxTrade USDJPY,H1: 131.816
0	00:26:05.102	FxTrade USDJPY,H1: 131.815
0	00:26:05.273	FxTrade USDJPY,H1: 131.814
0	00:26:05.446	FxTrade USDJPY,H1: 131.815
0	00:26:06.059	FxTrade USDJPY,H1: 131.816
0	00:26:07.239	FxTrade USDJPY,H1: 131.817
0	00:26:07.317	FxTrade USDJPY,H1: 131.816
0	00:26:08.388	FxTrade USDJPY,H1: 131.817
0	00:26:08.483	FxTrade USDJPY,H1: 131.821
0	00:26:08.640	FxTrade USDJPY,H1: 131.822
0	00:26:08.845	FxTrade USDJPY,H1: 131.818
0	00:26:09.537	FxTrade USDJPY,H1: 131.823
0	00:26:09.631	FxTrade USDJPY,H1: 131.826
0	00:26:10.324	FxTrade USDJPY,H1: 131.825
0	00:26:11.206	FxTrade USDJPY,H1: 131.826
0	00:26:11.395	FxTrade USDJPY,H1: 131.827
0	00:26:11.442	FxTrade USDJPY,H1: 131.826
2	00:26:21.919	FxTrade USDJPY,H1: open #47242026 buy 9.14 USDJPY at 131.843 ok
3	00:26:43.189	FxTrade USDJPY,H1: invalid lots number for OrderClose function
0	00:26:43.945	FxTrade USDJPY,H1: 131.841
0	00:26:46.556	FxTrade USDJPY,H1: 131.842
0	00:26:46.635	FxTrade USDJPY,H1: 131.841
0	00:26:46.745	FxTrade USDJPY,H1: 131.84
0	00:26:46.840	FxTrade USDJPY,H1: 131.841
0	00:26:46.902	FxTrade USDJPY,H1: 131.844
0	00:26:47.940	FxTrade USDJPY,H1: 131.843
0	00:26:48.018	FxTrade USDJPY,H1: 131.841
0	00:26:48.112	FxTrade USDJPY,H1: 131.842
0	00:26:48.631	FxTrade USDJPY,H1: 131.841
0	00:26:50.156	FxTrade USDJPY,H1: uninit reason 4
1	00:26:50.171	FxTrade USDJPY,H1: Abnormal termination
0	00:26:50.203	Expert FxTrade USDJPY,H1: removed
0	00:28:02.132	Expert FxTrade USDJPY,H1: loaded successfully
0	00:28:03.841	FxTrade USDJPY,H1: initialized
0	00:28:03.857	FxTrade USDJPY,H1: 131.812
0	00:28:03.935	FxTrade USDJPY,H1: 131.813
0	00:28:04.517	FxTrade USDJPY,H1: 131.814
0	00:28:04.611	FxTrade USDJPY,H1: 131.815
0	00:28:05.146	FxTrade USDJPY,H1: 131.813
0	00:28:05.225	FxTrade USDJPY,H1: 131.814
0	00:28:05.839	FxTrade USDJPY,H1: 131.815
0	00:28:06.311	FxTrade USDJPY,H1: 131.814
0	00:28:06.390	FxTrade USDJPY,H1: 131.815
0	00:28:06.471	FxTrade USDJPY,H1: 131.816
0	00:28:07.065	FxTrade USDJPY,H1: 131.819
0	00:28:07.159	FxTrade USDJPY,H1: 131.816
0	00:28:07.694	FxTrade USDJPY,H1: 131.817
0	00:28:07.772	FxTrade USDJPY,H1: 131.816
0	00:28:07.930	FxTrade USDJPY,H1: 131.817
0	00:28:10.196	FxTrade USDJPY,H1: 131.816
0	00:28:10.322	FxTrade USDJPY,H1: 131.809
0	00:28:10.386	FxTrade USDJPY,H1: 131.802
0	00:28:10.480	FxTrade USDJPY,H1: 131.8
0	00:28:10.653	FxTrade USDJPY,H1: 131.799
0	00:28:10.919	FxTrade USDJPY,H1: 131.798
0	00:28:11.108	FxTrade USDJPY,H1: 131.797
0	00:28:11.281	FxTrade USDJPY,H1: 131.796
0	00:28:11.548	FxTrade USDJPY,H1: 131.793
0	00:28:11.642	FxTrade USDJPY,H1: 131.791
0	00:28:11.706	FxTrade USDJPY,H1: 131.79
0	00:28:11.784	FxTrade USDJPY,H1: 131.789
0	00:28:11.879	FxTrade USDJPY,H1: 131.79
0	00:28:11.941	FxTrade USDJPY,H1: 131.789
0	00:28:12.478	FxTrade USDJPY,H1: 131.79
0	00:28:12.669	FxTrade USDJPY,H1: 131.788
2	00:28:21.325	FxTrade USDJPY,H1: open #47242075 buy 9.10 USDJPY at 131.800 ok
3	00:30:49.727	FxTrade USDJPY,H1: invalid lots number for OrderClose function
0	00:30:49.727	FxTrade USDJPY,H1: 131.779
0	00:30:49.727	FxTrade USDJPY,H1: エラーコード:0 , 詳細:not enough money 
1	00:30:56.677	FxTrade USDJPY,H1: debugging terminated
0	00:30:56.693	FxTrade USDJPY,H1: uninit reason 4
0	00:30:56.739	Expert FxTrade USDJPY,H1: removed
0	00:31:06.531	Expert FxTrade USDJPY,H1: loaded successfully
0	00:31:08.443	FxTrade USDJPY,H1: initialized
0	00:31:08.898	FxTrade USDJPY,H1: 131.776
0	00:31:09.228	FxTrade USDJPY,H1: 131.777
0	00:31:10.456	FxTrade USDJPY,H1: 131.778
0	00:31:10.550	FxTrade USDJPY,H1: 131.776
0	00:31:10.801	FxTrade USDJPY,H1: 131.777
0	00:31:11.275	FxTrade USDJPY,H1: 131.779
0	00:31:11.510	FxTrade USDJPY,H1: 131.781
0	00:31:11.605	FxTrade USDJPY,H1: 131.786
0	00:31:11.686	FxTrade USDJPY,H1: 131.785
0	00:31:13.062	FxTrade USDJPY,H1: 131.786
0	00:31:13.251	FxTrade USDJPY,H1: 131.785
0	00:31:14.355	FxTrade USDJPY,H1: 131.786
0	00:31:17.028	FxTrade USDJPY,H1: 131.785
0	00:31:17.138	FxTrade USDJPY,H1: 131.786
0	00:31:17.766	FxTrade USDJPY,H1: 131.785
0	00:31:17.845	FxTrade USDJPY,H1: 131.784
0	00:31:18.018	FxTrade USDJPY,H1: 131.783
2	00:31:18.569	FxTrade USDJPY,H1: open #47242175 buy 9.06 USDJPY at 131.783 ok
1	00:32:28.418	FxTrade USDJPY,H1: debugging terminated
0	00:32:28.434	FxTrade USDJPY,H1: uninit reason 4
0	00:32:28.481	Expert FxTrade USDJPY,H1: removed
0	00:33:21.892	Expert FxTrade USDJPY,H1: loaded successfully
0	00:33:23.408	FxTrade USDJPY,H1: initialized
0	00:33:24.069	FxTrade USDJPY,H1: 131.744
0	00:33:25.028	FxTrade USDJPY,H1: 131.742
0	00:33:26.054	FxTrade USDJPY,H1: 131.741
0	00:33:26.754	FxTrade USDJPY,H1: 131.74
0	00:33:26.817	FxTrade USDJPY,H1: 131.742
0	00:33:26.911	FxTrade USDJPY,H1: 131.744
0	00:33:27.793	FxTrade USDJPY,H1: 131.743
0	00:33:27.872	FxTrade USDJPY,H1: 131.742
0	00:33:27.966	FxTrade USDJPY,H1: 131.741
0	00:33:28.470	FxTrade USDJPY,H1: 131.74
0	00:33:28.831	FxTrade USDJPY,H1: 131.742
0	00:33:29.349	FxTrade USDJPY,H1: 131.741
0	00:33:29.602	FxTrade USDJPY,H1: 131.74
0	00:33:29.886	FxTrade USDJPY,H1: uninit reason 3
0	00:33:29.901	FxTrade USDJPY,M1: initialized
0	00:33:30.373	FxTrade USDJPY,M1: 131.739
0	00:33:31.191	FxTrade USDJPY,M1: 131.74
0	00:33:31.285	FxTrade USDJPY,M1: 131.738
0	00:33:31.366	FxTrade USDJPY,M1: 131.737
0	00:33:32.464	FxTrade USDJPY,M1: 131.738
0	00:33:33.001	FxTrade USDJPY,M1: 131.739
0	00:33:33.157	FxTrade USDJPY,M1: 131.738
0	00:33:33.535	FxTrade USDJPY,M1: 131.742
0	00:33:33.629	FxTrade USDJPY,M1: 131.744
0	00:33:33.708	FxTrade USDJPY,M1: 131.745
0	00:33:33.787	FxTrade USDJPY,M1: 131.743
0	00:33:34.368	FxTrade USDJPY,M1: 131.741
0	00:33:34.479	FxTrade USDJPY,M1: 131.739
0	00:33:38.381	FxTrade USDJPY,M1: 131.738
0	00:33:38.711	FxTrade USDJPY,M1: 131.739
0	00:33:38.806	FxTrade USDJPY,M1: 131.738
0	00:33:39.073	FxTrade USDJPY,M1: 131.739
0	00:33:39.231	FxTrade USDJPY,M1: 131.738
0	00:33:39.686	FxTrade USDJPY,M1: 131.739
2	00:33:40.033	FxTrade USDJPY,M1: open #47242229 buy 8.99 USDJPY at 131.739 ok
1	00:34:13.474	FxTrade USDJPY,M1: debugging terminated
0	00:34:13.490	FxTrade USDJPY,M1: uninit reason 4
0	00:34:13.522	Expert FxTrade USDJPY,M1: removed
0	00:34:26.247	Expert FxTrade USDJPY,H1: loaded successfully
0	00:34:27.861	FxTrade USDJPY,H1: initialized
0	00:34:27.861	FxTrade USDJPY,H1: 131.692
0	00:34:27.908	FxTrade USDJPY,H1: 131.693
0	00:34:28.097	FxTrade USDJPY,H1: 131.697
0	00:34:28.176	FxTrade USDJPY,H1: 131.698
0	00:34:29.214	FxTrade USDJPY,H1: 131.697
0	00:34:29.779	FxTrade USDJPY,H1: 131.701
0	00:34:29.842	FxTrade USDJPY,H1: 131.702
0	00:34:30.125	FxTrade USDJPY,H1: 131.7
0	00:34:30.219	FxTrade USDJPY,H1: 131.698
0	00:34:30.840	FxTrade USDJPY,H1: 131.695
0	00:34:31.506	FxTrade USDJPY,H1: 131.696
0	00:34:31.915	FxTrade USDJPY,H1: 131.697
0	00:34:32.167	FxTrade USDJPY,H1: uninit reason 3
0	00:34:32.182	FxTrade USDJPY,M1: initialized
0	00:34:32.450	FxTrade USDJPY,M1: 131.696
0	00:34:32.529	FxTrade USDJPY,M1: 131.695
0	00:34:33.222	FxTrade USDJPY,M1: 131.696
0	00:34:34.008	FxTrade USDJPY,M1: 131.698
0	00:34:34.700	FxTrade USDJPY,M1: 131.699
0	00:34:34.968	FxTrade USDJPY,M1: 131.698
0	00:34:35.046	FxTrade USDJPY,M1: 131.699
0	00:34:35.235	FxTrade USDJPY,M1: 131.698
0	00:34:35.313	FxTrade USDJPY,M1: 131.699
0	00:34:35.392	FxTrade USDJPY,M1: 131.702
0	00:34:35.471	FxTrade USDJPY,M1: 131.703
0	00:34:35.550	FxTrade USDJPY,M1: 131.704
0	00:34:35.911	FxTrade USDJPY,M1: 131.703
0	00:34:36.006	FxTrade USDJPY,M1: 131.702
0	00:34:36.258	FxTrade USDJPY,M1: 131.703
0	00:34:36.337	FxTrade USDJPY,M1: 131.704
0	00:34:36.871	FxTrade USDJPY,M1: 131.703
0	00:34:37.139	FxTrade USDJPY,M1: 131.704
0	00:34:38.491	FxTrade USDJPY,M1: 131.706
0	00:34:38.586	FxTrade USDJPY,M1: 131.705
0	00:34:38.680	FxTrade USDJPY,M1: 131.706
0	00:34:38.759	FxTrade USDJPY,M1: 131.705
0	00:34:40.096	FxTrade USDJPY,M1: 131.706
0	00:34:40.489	FxTrade USDJPY,M1: 131.705
0	00:34:40.835	FxTrade USDJPY,M1: 131.706
0	00:34:41.024	FxTrade USDJPY,M1: 131.707
2	00:34:42.298	FxTrade USDJPY,M1: open #47242258 buy 8.91 USDJPY at 131.707 ok
0	00:35:36.885	FxTrade USDJPY,M1: 131.678
0	00:35:36.885	FxTrade USDJPY,M1: エラーコード:0 , 詳細:not enough money 
1	00:36:22.210	FxTrade USDJPY,M1: debugging terminated
0	00:36:22.233	FxTrade USDJPY,M1: uninit reason 4
0	00:36:22.273	Expert FxTrade USDJPY,M1: removed
0	00:37:32.529	Expert FxTrade USDJPY,H1: loaded successfully
0	00:37:35.134	FxTrade USDJPY,H1: initialized
0	00:37:35.134	FxTrade USDJPY,H1: 131.689
0	00:37:35.402	FxTrade USDJPY,H1: 131.687
0	00:37:35.655	FxTrade USDJPY,H1: 131.678
0	00:37:36.346	FxTrade USDJPY,H1: 131.675
0	00:37:36.457	FxTrade USDJPY,H1: 131.673
0	00:37:36.864	FxTrade USDJPY,H1: 131.674
0	00:37:37.052	FxTrade USDJPY,H1: 131.673
0	00:37:37.131	FxTrade USDJPY,H1: 131.672
0	00:37:37.398	FxTrade USDJPY,H1: 131.671
0	00:37:37.996	FxTrade USDJPY,H1: 131.672
0	00:37:38.782	FxTrade USDJPY,H1: 131.667
0	00:37:38.863	FxTrade USDJPY,H1: 131.666
0	00:37:38.939	FxTrade USDJPY,H1: 131.665
0	00:37:39.049	FxTrade USDJPY,H1: 131.666
0	00:37:39.143	FxTrade USDJPY,H1: 131.665
0	00:37:39.490	FxTrade USDJPY,H1: 131.666
0	00:37:41.394	FxTrade USDJPY,H1: 131.667
0	00:37:41.646	FxTrade USDJPY,H1: 131.666
0	00:37:42.181	FxTrade USDJPY,H1: 131.668
0	00:37:42.354	FxTrade USDJPY,H1: 131.67
0	00:37:42.417	FxTrade USDJPY,H1: 131.669
0	00:37:43.455	FxTrade USDJPY,H1: 131.671
0	00:37:43.644	FxTrade USDJPY,H1: 131.672
0	00:37:43.912	FxTrade USDJPY,H1: 131.671
0	00:37:43.990	FxTrade USDJPY,H1: 131.672
0	00:37:44.069	FxTrade USDJPY,H1: 131.673
0	00:37:44.430	FxTrade USDJPY,H1: 131.674
0	00:37:44.524	FxTrade USDJPY,H1: 131.675
0	00:37:44.776	FxTrade USDJPY,H1: 131.676
0	00:37:44.855	FxTrade USDJPY,H1: 131.677
0	00:37:44.933	FxTrade USDJPY,H1: 131.676
0	00:37:45.028	FxTrade USDJPY,H1: 131.677
0	00:37:45.138	FxTrade USDJPY,H1: エラーコード:0 , 詳細:not enough money 
1	00:40:40.750	FxTrade USDJPY,H1: debugging terminated
0	00:40:40.765	FxTrade USDJPY,H1: uninit reason 3
0	00:40:40.812	Expert FxTrade USDJPY,H1: removed
0	00:42:51.232	Expert FxTrade USDJPY,H1: loaded successfully
0	00:42:52.998	FxTrade USDJPY,H1: initialized
0	00:42:53.029	FxTrade USDJPY,H1: 131.609
0	00:42:53.170	FxTrade USDJPY,H1: 131.608
0	00:42:53.281	FxTrade USDJPY,H1: 131.607
0	00:42:53.453	FxTrade USDJPY,H1: 131.606
0	00:42:53.892	FxTrade USDJPY,H1: 131.607
0	00:42:54.128	FxTrade USDJPY,H1: 131.609
0	00:42:54.222	FxTrade USDJPY,H1: 131.61
0	00:42:54.285	FxTrade USDJPY,H1: 131.609
0	00:42:56.459	FxTrade USDJPY,H1: 131.608
0	00:42:57.403	FxTrade USDJPY,H1: 131.609
0	00:42:58.016	FxTrade USDJPY,H1: 131.61
0	00:42:58.111	FxTrade USDJPY,H1: 131.612
0	00:42:58.283	FxTrade USDJPY,H1: 131.613
0	00:42:59.071	FxTrade USDJPY,H1: 131.614
0	00:42:59.149	FxTrade USDJPY,H1: 131.613
0	00:42:59.684	FxTrade USDJPY,H1: 131.612
0	00:42:59.858	FxTrade USDJPY,H1: 131.611
0	00:43:01.840	FxTrade USDJPY,H1: 131.61
0	00:43:02.799	FxTrade USDJPY,H1: 131.612
2	00:43:03.130	FxTrade USDJPY,H1: open #47242497 buy 7.29 USDJPY at 131.612 ok
1	00:44:36.001	FxTrade USDJPY,H1: debugging terminated
0	00:44:36.010	FxTrade USDJPY,H1: uninit reason 3
0	00:44:36.048	Expert FxTrade USDJPY,H1: removed
0	00:46:05.958	Expert FxTrade USDJPY,H1: loaded successfully
0	00:46:07.722	FxTrade USDJPY,H1: initialized
0	00:46:10.069	FxTrade USDJPY,H1: 131.651
0	00:46:10.588	FxTrade USDJPY,H1: 131.657
0	00:46:10.682	FxTrade USDJPY,H1: 131.656
0	00:46:10.761	FxTrade USDJPY,H1: 131.655
0	00:46:11.610	FxTrade USDJPY,H1: 131.654
0	00:46:12.506	FxTrade USDJPY,H1: 131.655
0	00:46:13.877	FxTrade USDJPY,H1: 131.654
0	00:46:15.183	FxTrade USDJPY,H1: 131.655
0	00:46:15.355	FxTrade USDJPY,H1: 131.654
0	00:46:16.661	FxTrade USDJPY,H1: 131.653
0	00:46:16.914	FxTrade USDJPY,H1: 131.654
0	00:46:17.228	FxTrade USDJPY,H1: 131.65
0	00:46:17.511	FxTrade USDJPY,H1: 131.655
2	00:46:17.882	FxTrade USDJPY,H1: open #47242560 buy 7.30 USDJPY at 131.655 ok
1	00:47:04.472	FxTrade USDJPY,H1: debugging terminated
0	00:47:04.497	FxTrade USDJPY,H1: uninit reason 4
0	00:47:04.530	Expert FxTrade USDJPY,H1: removed
0	00:48:59.913	Expert FxTrade USDJPY,H1: loaded successfully
0	00:49:01.417	FxTrade USDJPY,H1: initialized
0	00:49:03.257	FxTrade USDJPY,H1: 131.697
0	00:49:03.713	FxTrade USDJPY,H1: 131.694
0	00:49:05.349	FxTrade USDJPY,H1: 131.693
0	00:49:05.522	FxTrade USDJPY,H1: 131.694
0	00:49:06.985	FxTrade USDJPY,H1: 131.695
0	00:49:07.064	FxTrade USDJPY,H1: 131.696
0	00:49:08.479	FxTrade USDJPY,H1: 131.695
0	00:49:08.573	FxTrade USDJPY,H1: 131.694
0	00:49:08.620	FxTrade USDJPY,H1: 131.696
0	00:49:09.218	FxTrade USDJPY,H1: 131.698
0	00:49:09.343	FxTrade USDJPY,H1: 131.697
0	00:49:10.209	FxTrade USDJPY,H1: 131.698
0	00:49:10.398	FxTrade USDJPY,H1: 131.697
0	00:49:10.539	FxTrade USDJPY,H1: 131.698
0	00:49:10.995	FxTrade USDJPY,H1: 131.697
0	00:49:11.073	FxTrade USDJPY,H1: 131.696
0	00:49:11.246	FxTrade USDJPY,H1: 131.692
0	00:49:11.340	FxTrade USDJPY,H1: 131.691
2	00:49:11.545	FxTrade USDJPY,H1: open #47242613 buy 7.33 USDJPY at 131.691 ok
0	00:49:22.966	FxTrade USDJPY,H1: 129
1	00:50:21.065	FxTrade USDJPY,H1: debugging terminated
0	00:50:21.085	FxTrade USDJPY,H1: uninit reason 4
0	00:50:21.119	Expert FxTrade USDJPY,H1: removed
0	00:51:35.018	Expert FxTrade USDJPY,H1: loaded successfully
0	00:51:36.856	FxTrade USDJPY,H1: initialized
0	00:51:36.997	FxTrade USDJPY,H1: 131.673
0	00:51:37.390	FxTrade USDJPY,H1: 131.674
0	00:51:37.705	FxTrade USDJPY,H1: 131.675
0	00:51:37.799	FxTrade USDJPY,H1: 131.679
0	00:51:38.995	FxTrade USDJPY,H1: 131.676
0	00:51:39.120	FxTrade USDJPY,H1: 131.674
0	00:51:40.317	FxTrade USDJPY,H1: 131.675
0	00:51:40.993	FxTrade USDJPY,H1: 131.676
0	00:51:41.103	FxTrade USDJPY,H1: 131.675
0	00:51:41.166	FxTrade USDJPY,H1: 131.674
0	00:51:41.512	FxTrade USDJPY,H1: 131.675
0	00:51:43.180	FxTrade USDJPY,H1: 131.674
0	00:51:43.291	FxTrade USDJPY,H1: 131.673
0	00:51:43.354	FxTrade USDJPY,H1: 131.674
0	00:51:43.605	FxTrade USDJPY,H1: 131.673
0	00:51:44.739	FxTrade USDJPY,H1: 131.674
0	00:51:45.259	FxTrade USDJPY,H1: 131.675
0	00:51:46.847	FxTrade USDJPY,H1: エラーコード:0 , 詳細:not enough money 
0	00:52:12.708	FxTrade USDJPY,H1: エラーコード:0 , 詳細:invalid price 
1	00:55:16.517	FxTrade USDJPY,H1: debugging terminated
0	00:55:16.615	FxTrade USDJPY,H1: uninit reason 4
0	00:55:16.659	Expert FxTrade USDJPY,H1: removed
0	00:55:23.860	Expert FxTrade USDJPY,H1: loaded successfully
0	00:55:25.746	FxTrade USDJPY,H1: initialized
0	00:55:28.277	FxTrade USDJPY,H1: 131.642
0	00:55:28.355	FxTrade USDJPY,H1: 131.646
0	00:55:28.465	FxTrade USDJPY,H1: 131.642
0	00:55:28.796	FxTrade USDJPY,H1: 131.64
0	00:55:29.426	FxTrade USDJPY,H1: 131.641
0	00:55:32.714	FxTrade USDJPY,H1: 131.637
0	00:55:32.824	FxTrade USDJPY,H1: 131.635
0	00:55:33.752	FxTrade USDJPY,H1: 131.634
0	00:55:34.806	FxTrade USDJPY,H1: 131.635
0	00:55:35.420	FxTrade USDJPY,H1: 131.634
2	00:55:35.877	FxTrade USDJPY,H1: open #47242736 buy 7.26 USDJPY at 131.629 ok
0	00:55:45.050	FxTrade USDJPY,H1: 47242736
0	00:55:45.391	FxTrade USDJPY,H1: 7.26
0	00:55:45.697	FxTrade USDJPY,H1: 131.623
2	00:55:47.359	FxTrade USDJPY,H1: close #47242736 buy 7.26 USDJPY at 131.629 at price 131.624
1	00:56:10.541	FxTrade USDJPY,H1: debugging terminated
0	00:56:10.565	FxTrade USDJPY,H1: uninit reason 4
0	00:56:10.602	Expert FxTrade USDJPY,H1: removed
0	00:59:22.340	Expert FxTrade USDJPY,H1: loaded successfully
0	00:59:25.319	FxTrade USDJPY,H1: initialized
0	00:59:25.807	FxTrade USDJPY,H1: 131.604
0	00:59:26.295	FxTrade USDJPY,H1: 131.605
0	00:59:26.562	FxTrade USDJPY,H1: 131.604
0	00:59:26.735	FxTrade USDJPY,H1: 131.603
0	00:59:27.773	FxTrade USDJPY,H1: 131.604
0	00:59:28.041	FxTrade USDJPY,H1: 131.603
0	00:59:29.332	FxTrade USDJPY,H1: 131.604
0	00:59:29.410	FxTrade USDJPY,H1: 131.603
0	00:59:30.276	FxTrade USDJPY,H1: 131.604
0	00:59:31.347	FxTrade USDJPY,H1: 131.603
0	00:59:32.746	FxTrade USDJPY,H1: 131.604
0	00:59:32.872	FxTrade USDJPY,H1: uninit reason 3
0	00:59:32.888	FxTrade USDJPY,M1: initialized
0	00:59:32.983	FxTrade USDJPY,M1: 131.603
0	00:59:33.140	FxTrade USDJPY,M1: 131.602
0	00:59:34.460	FxTrade USDJPY,M1: 131.601
0	00:59:36.001	FxTrade USDJPY,M1: 131.602
0	00:59:36.080	FxTrade USDJPY,M1: 131.603
0	00:59:36.159	FxTrade USDJPY,M1: 131.602
0	00:59:37.134	FxTrade USDJPY,M1: 131.601
0	00:59:37.307	FxTrade USDJPY,M1: 131.603
0	00:59:37.386	FxTrade USDJPY,M1: 131.602
0	00:59:38.251	FxTrade USDJPY,M1: 131.601
0	00:59:38.345	FxTrade USDJPY,M1: 131.602
0	00:59:38.598	FxTrade USDJPY,M1: 131.601
0	00:59:39.385	FxTrade USDJPY,M1: 131.602
0	00:59:39.620	FxTrade USDJPY,M1: 131.601
2	00:59:43.047	FxTrade USDJPY,M1: open #47242793 buy 7.26 USDJPY at 131.601 ok
0	00:59:43.110	FxTrade USDJPY,M1: 131.597
0	00:59:43.220	FxTrade USDJPY,M1: 131.593
0	00:59:43.267	FxTrade USDJPY,M1: 131.594
0	00:59:44.684	FxTrade USDJPY,M1: 131.592
0	00:59:44.747	FxTrade USDJPY,M1: 131.593
0	00:59:44.841	FxTrade USDJPY,M1: 131.592
0	00:59:44.951	FxTrade USDJPY,M1: 131.594
0	00:59:45.375	FxTrade USDJPY,M1: 131.593
0	00:59:46.476	FxTrade USDJPY,M1: 131.592
0	00:59:46.649	FxTrade USDJPY,M1: 131.593
0	00:59:50.816	FxTrade USDJPY,M1: 131.594
0	00:59:51.147	FxTrade USDJPY,M1: 131.595
0	00:59:51.398	FxTrade USDJPY,M1: 131.594
0	00:59:52.876	FxTrade USDJPY,M1: エラーコード:0 , 詳細:not enough money 
0	01:00:10.289	FxTrade USDJPY,M1: エラーコード:0 , 詳細:invalid price 
0	01:00:19.847	FxTrade USDJPY,M1: 131.605
0	01:00:22.693	FxTrade USDJPY,M1: エラーコード:0 , 詳細:not enough money 
0	01:00:22.693	FxTrade USDJPY,M1: 131.608
0	01:00:22.771	FxTrade USDJPY,M1: 131.607
0	01:00:22.881	FxTrade USDJPY,M1: エラーコード:0 , 詳細:not enough money 
0	01:00:23.557	FxTrade USDJPY,M1: 131.605
0	01:00:23.699	FxTrade USDJPY,M1: 131.604
0	01:00:23.888	FxTrade USDJPY,M1: 131.603
0	01:00:23.966	FxTrade USDJPY,M1: 131.602
0	01:00:24.313	FxTrade USDJPY,M1: 131.603
0	01:00:25.115	FxTrade USDJPY,M1: 131.601
0	01:00:25.209	FxTrade USDJPY,M1: 131.6
0	01:00:27.144	FxTrade USDJPY,M1: 131.601
0	01:00:27.380	FxTrade USDJPY,M1: 131.6
0	01:00:27.788	FxTrade USDJPY,M1: 131.601
0	01:00:28.167	FxTrade USDJPY,M1: 131.603
0	01:00:28.261	FxTrade USDJPY,M1: 131.604
0	01:00:28.324	FxTrade USDJPY,M1: 131.603
0	01:00:28.685	FxTrade USDJPY,M1: 131.604
0	01:00:29.016	FxTrade USDJPY,M1: 131.603
0	01:00:29.189	FxTrade USDJPY,M1: 131.604
0	01:00:30.054	FxTrade USDJPY,M1: 131.603
0	01:00:31.785	FxTrade USDJPY,M1: 131.599
0	01:00:31.863	FxTrade USDJPY,M1: 131.603
0	01:00:32.226	FxTrade USDJPY,M1: 131.602
0	01:00:32.886	FxTrade USDJPY,M1: エラーコード:0 , 詳細:not enough money 
0	01:00:33.169	FxTrade USDJPY,M1: 131.603
0	01:00:33.342	FxTrade USDJPY,M1: 131.602
0	01:00:34.570	FxTrade USDJPY,M1: 131.603
0	01:00:34.822	FxTrade USDJPY,M1: 131.599
0	01:00:34.916	FxTrade USDJPY,M1: 131.603
0	01:00:35.608	FxTrade USDJPY,M1: 131.599
0	01:00:36.411	FxTrade USDJPY,M1: 131.603
0	01:00:37.339	FxTrade USDJPY,M1: 131.604
0	01:00:37.686	FxTrade USDJPY,M1: 131.6
0	01:00:38.048	FxTrade USDJPY,M1: 131.603
0	01:00:38.205	FxTrade USDJPY,M1: 131.599
0	01:00:39.007	FxTrade USDJPY,M1: 131.6
0	01:00:39.353	FxTrade USDJPY,M1: 131.599
0	01:00:39.872	FxTrade USDJPY,M1: 131.603
0	01:00:40.564	FxTrade USDJPY,M1: 131.604
0	01:00:40.988	FxTrade USDJPY,M1: 131.603
0	01:00:41.821	FxTrade USDJPY,M1: 131.604
0	01:00:42.875	FxTrade USDJPY,M1: エラーコード:0 , 詳細:not enough money 
0	01:00:43.426	FxTrade USDJPY,M1: 131.603
0	01:00:44.371	FxTrade USDJPY,M1: 131.604
0	01:00:44.622	FxTrade USDJPY,M1: 131.603
0	01:00:44.795	FxTrade USDJPY,M1: 131.604
0	01:00:45.486	FxTrade USDJPY,M1: 131.603
0	01:00:46.869	FxTrade USDJPY,M1: 131.604
0	01:00:46.947	FxTrade USDJPY,M1: 131.603
0	01:00:47.135	FxTrade USDJPY,M1: 131.602
0	01:00:48.094	FxTrade USDJPY,M1: 131.603
0	01:00:48.157	FxTrade USDJPY,M1: 131.602
0	01:00:48.975	FxTrade USDJPY,M1: 131.603
0	01:00:49.730	FxTrade USDJPY,M1: 131.604
0	01:00:49.888	FxTrade USDJPY,M1: 131.603
0	01:00:49.998	FxTrade USDJPY,M1: 131.602
0	01:00:50.518	FxTrade USDJPY,M1: 131.6
0	01:00:51.131	FxTrade USDJPY,M1: 131.597
0	01:00:51.226	FxTrade USDJPY,M1: 131.595
0	01:00:51.289	FxTrade USDJPY,M1: 131.594
0	01:00:51.399	FxTrade USDJPY,M1: 131.593
0	01:00:52.517	FxTrade USDJPY,M1: 131.594
0	01:00:52.879	FxTrade USDJPY,M1: エラーコード:0 , 詳細:not enough money 
2	01:01:06.186	FxTrade USDJPY,M1: close #47242793 buy 7.26 USDJPY at 131.601 at price 131.589
0	01:01:06.186	FxTrade USDJPY,M1: 131.594
0	01:01:06.343	FxTrade USDJPY,M1: エラーコード:0 , 詳細:too many requests 
0	01:01:06.390	FxTrade USDJPY,M1: 131.595
0	01:01:06.642	FxTrade USDJPY,M1: 131.594
0	01:01:06.815	FxTrade USDJPY,M1: 131.595
0	01:01:07.758	FxTrade USDJPY,M1: 131.593
0	01:01:07.853	FxTrade USDJPY,M1: 131.592
0	01:01:08.278	FxTrade USDJPY,M1: 131.591
0	01:01:08.372	FxTrade USDJPY,M1: 131.588
0	01:01:09.583	FxTrade USDJPY,M1: 131.587
0	01:01:10.527	FxTrade USDJPY,M1: 131.588
0	01:01:10.700	FxTrade USDJPY,M1: 131.581
0	01:01:10.794	FxTrade USDJPY,M1: 131.579
0	01:01:10.872	FxTrade USDJPY,M1: 131.578
0	01:01:11.061	FxTrade USDJPY,M1: 131.576
0	01:01:11.234	FxTrade USDJPY,M1: 131.577
0	01:01:12.005	FxTrade USDJPY,M1: 131.578
2	01:01:13.045	FxTrade USDJPY,M1: open #47242847 buy 7.25 USDJPY at 131.578 ok
0	01:01:42.713	FxTrade USDJPY,M1: 131.609
0	01:01:42.713	FxTrade USDJPY,M1: エラーコード:0 , 詳細:not enough money 
1	01:02:19.549	FxTrade USDJPY,M1: debugging terminated
0	01:02:19.565	FxTrade USDJPY,M1: uninit reason 4
0	01:02:19.596	Expert FxTrade USDJPY,M1: removed
0	01:02:37.862	Expert FxTrade USDJPY,H1: loaded successfully
0	01:02:39.884	FxTrade USDJPY,H1: initialized
2	01:02:49.990	FxTrade USDJPY,H1: open #47242860 buy 7.27 USDJPY at 131.590 ok
0	01:03:09.928	FxTrade USDJPY,H1: 131.59
1	01:03:27.865	FxTrade USDJPY,H1: debugging terminated
0	01:03:27.880	FxTrade USDJPY,H1: uninit reason 4
0	01:03:27.912	Expert FxTrade USDJPY,H1: removed
0	01:03:43.560	Expert FxTrade USDJPY,H1: loaded successfully
0	01:03:45.398	FxTrade USDJPY,H1: initialized
0	01:03:55.402	FxTrade USDJPY,H1: エラーコード:0 , 詳細:not enough money 
0	01:03:59.711	FxTrade USDJPY,H1: 131.59
2	01:03:59.836	FxTrade USDJPY,H1: close #47242860 buy 7.27 USDJPY at 131.590 at price 131.589
2	01:04:05.549	FxTrade USDJPY,H1: open #47242877 buy 7.26 USDJPY at 131.587 ok
0	01:04:05.549	FxTrade USDJPY,H1: 131.587
0	01:04:05.709	FxTrade USDJPY,H1: エラーコード:0 , 詳細:too many requests 
0	01:04:15.398	FxTrade USDJPY,H1: エラーコード:0 , 詳細:not enough money 
0	01:04:15.398	FxTrade USDJPY,H1: 131.587
2	01:04:15.539	FxTrade USDJPY,H1: close #47242877 buy 7.26 USDJPY at 131.587 at price 131.587
2	01:04:25.501	FxTrade USDJPY,H1: open #47242880 buy 7.26 USDJPY at 131.587 ok
0	01:04:25.501	FxTrade USDJPY,H1: 131.587
0	01:04:35.398	FxTrade USDJPY,H1: エラーコード:0 , 詳細:not enough money 
0	01:04:35.398	FxTrade USDJPY,H1: 131.587
0	01:04:45.390	FxTrade USDJPY,H1: エラーコード:0 , 詳細:not enough money 
0	01:04:45.390	FxTrade USDJPY,H1: 131.587
0	01:04:50.562	FxTrade USDJPY,H1: uninit reason 3
0	01:04:50.577	FxTrade USDJPY,M1: initialized
0	01:05:00.581	FxTrade USDJPY,M1: エラーコード:0 , 詳細:not enough money 
0	01:05:00.581	FxTrade USDJPY,M1: 131.587
2	01:05:00.750	FxTrade USDJPY,M1: close #47242880 buy 7.26 USDJPY at 131.587 at price 131.594
2	01:05:10.715	FxTrade USDJPY,M1: open #47242901 buy 7.27 USDJPY at 131.602 ok
0	01:05:10.715	FxTrade USDJPY,M1: 131.602
0	01:05:20.588	FxTrade USDJPY,M1: エラーコード:0 , 詳細:not enough money 
0	01:05:20.588	FxTrade USDJPY,M1: 131.602
0	01:05:30.577	FxTrade USDJPY,M1: エラーコード:0 , 詳細:not enough money 
0	01:05:30.577	FxTrade USDJPY,M1: 131.602
0	01:05:40.582	FxTrade USDJPY,M1: エラーコード:0 , 詳細:not enough money 
0	01:05:40.582	FxTrade USDJPY,M1: 131.602
0	01:05:50.588	FxTrade USDJPY,M1: エラーコード:0 , 詳細:not enough money 
0	01:05:50.588	FxTrade USDJPY,M1: 131.602
0	01:06:00.592	FxTrade USDJPY,M1: エラーコード:0 , 詳細:not enough money 
0	01:06:00.592	FxTrade USDJPY,M1: 131.602
0	01:06:10.600	FxTrade USDJPY,M1: エラーコード:0 , 詳細:not enough money 
0	01:06:10.600	FxTrade USDJPY,M1: 131.602
0	01:06:20.604	FxTrade USDJPY,M1: エラーコード:0 , 詳細:not enough money 
0	01:06:20.604	FxTrade USDJPY,M1: 131.602
0	01:06:33.624	FxTrade USDJPY,M1: uninit reason 4
1	01:06:33.640	FxTrade USDJPY,M1: Abnormal termination
0	01:06:33.671	Expert FxTrade USDJPY,M1: removed
0	01:09:58.696	Expert FxTrade USDJPY,H1: loaded successfully
0	01:10:00.618	FxTrade USDJPY,H1: initialized
2	01:10:10.750	FxTrade USDJPY,H1: open #47243032 buy 0.36 USDJPY at 131.579 ok
0	01:10:10.750	FxTrade USDJPY,H1: 131.579
2	01:10:20.711	FxTrade USDJPY,H1: open #47243036 buy 0.36 USDJPY at 131.569 ok
0	01:10:20.711	FxTrade USDJPY,H1: 131.569
0	01:10:20.711	FxTrade USDJPY,H1: 131.579
2	01:10:30.734	FxTrade USDJPY,H1: open #47243040 buy 0.36 USDJPY at 131.573 ok
0	01:10:30.734	FxTrade USDJPY,H1: 131.573
0	01:10:30.734	FxTrade USDJPY,H1: 131.569
0	01:10:30.844	FxTrade USDJPY,H1: エラーコード:0 , 詳細:too many requests 
0	01:10:30.844	FxTrade USDJPY,H1: 131.579
2	01:10:40.759	FxTrade USDJPY,H1: open #47243046 buy 0.36 USDJPY at 131.576 ok
0	01:10:40.759	FxTrade USDJPY,H1: 131.576
0	01:10:40.759	FxTrade USDJPY,H1: 131.573
0	01:10:40.869	FxTrade USDJPY,H1: エラーコード:0 , 詳細:too many requests 
0	01:10:40.869	FxTrade USDJPY,H1: 131.569
0	01:10:40.979	FxTrade USDJPY,H1: エラーコード:0 , 詳細:too many requests 
0	01:10:40.979	FxTrade USDJPY,H1: 131.579
2	01:10:50.763	FxTrade USDJPY,H1: open #47243051 buy 0.36 USDJPY at 131.575 ok
0	01:10:50.763	FxTrade USDJPY,H1: 131.575
0	01:10:50.763	FxTrade USDJPY,H1: 131.576
0	01:10:50.763	FxTrade USDJPY,H1: 131.573
0	01:10:50.873	FxTrade USDJPY,H1: エラーコード:0 , 詳細:too many requests 
0	01:10:50.873	FxTrade USDJPY,H1: 131.569
0	01:10:50.967	FxTrade USDJPY,H1: エラーコード:0 , 詳細:too many requests 
0	01:10:50.967	FxTrade USDJPY,H1: 131.579
2	01:11:00.752	FxTrade USDJPY,H1: open #47243057 buy 0.36 USDJPY at 131.558 ok
0	01:11:00.752	FxTrade USDJPY,H1: 131.558
0	01:11:00.752	FxTrade USDJPY,H1: 131.575
0	01:11:00.752	FxTrade USDJPY,H1: 131.576
0	01:11:00.752	FxTrade USDJPY,H1: 131.573
0	01:11:00.752	FxTrade USDJPY,H1: 131.569
0	01:11:00.752	FxTrade USDJPY,H1: 131.579
2	01:11:10.775	FxTrade USDJPY,H1: open #47243064 buy 0.36 USDJPY at 131.552 ok
0	01:11:10.775	FxTrade USDJPY,H1: 131.552
0	01:11:10.932	FxTrade USDJPY,H1: エラーコード:0 , 詳細:too many requests 
0	01:11:10.932	FxTrade USDJPY,H1: 131.558
0	01:11:10.932	FxTrade USDJPY,H1: 131.575
0	01:11:10.932	FxTrade USDJPY,H1: 131.576
0	01:11:10.932	FxTrade USDJPY,H1: 131.573
0	01:11:10.932	FxTrade USDJPY,H1: 131.569
0	01:11:10.932	FxTrade USDJPY,H1: 131.579
0	01:11:15.258	FxTrade USDJPY,H1: uninit reason 4
1	01:11:15.273	FxTrade USDJPY,H1: Abnormal termination
0	01:11:15.312	Expert FxTrade USDJPY,H1: removed
0	01:13:05.371	Expert FxTrade USDJPY,H1: loaded successfully
0	01:13:07.930	FxTrade USDJPY,H1: initialized
2	01:13:18.075	FxTrade USDJPY,H1: open #47243093 buy 0.36 USDJPY at 131.560 ok
0	01:13:18.075	FxTrade USDJPY,H1: 131.56
0	01:13:18.075	FxTrade USDJPY,H1: 131.552
0	01:13:18.185	FxTrade USDJPY,H1: エラーコード:0 , 詳細:too many requests 
0	01:13:18.185	FxTrade USDJPY,H1: 131.558
0	01:13:18.295	FxTrade USDJPY,H1: エラーコード:0 , 詳細:too many requests 
0	01:13:18.295	FxTrade USDJPY,H1: 131.575
0	01:13:18.295	FxTrade USDJPY,H1: 131.576
0	01:13:18.295	FxTrade USDJPY,H1: 131.573
0	01:13:18.295	FxTrade USDJPY,H1: 131.569
0	01:13:18.295	FxTrade USDJPY,H1: 131.579
2	01:13:28.072	FxTrade USDJPY,H1: open #47243096 buy 0.36 USDJPY at 131.561 ok
0	01:13:28.072	FxTrade USDJPY,H1: 131.561
0	01:13:28.072	FxTrade USDJPY,H1: 131.56
0	01:13:28.245	FxTrade USDJPY,H1: エラーコード:0 , 詳細:too many requests 
0	01:13:28.245	FxTrade USDJPY,H1: 131.552
0	01:13:28.386	FxTrade USDJPY,H1: エラーコード:0 , 詳細:too many requests 
0	01:13:28.386	FxTrade USDJPY,H1: 131.558
0	01:13:28.543	FxTrade USDJPY,H1: エラーコード:0 , 詳細:too many requests 
0	01:13:28.543	FxTrade USDJPY,H1: 131.575
0	01:13:28.543	FxTrade USDJPY,H1: 131.576
0	01:13:28.543	FxTrade USDJPY,H1: 131.573
0	01:13:28.543	FxTrade USDJPY,H1: 131.569
0	01:13:28.543	FxTrade USDJPY,H1: 131.579
2	01:13:38.092	FxTrade USDJPY,H1: open #47243099 buy 0.36 USDJPY at 131.560 ok
0	01:13:38.092	FxTrade USDJPY,H1: 131.56
0	01:13:38.092	FxTrade USDJPY,H1: 131.561
0	01:13:38.092	FxTrade USDJPY,H1: 131.56
0	01:13:38.092	FxTrade USDJPY,H1: 131.552
0	01:13:38.249	FxTrade USDJPY,H1: エラーコード:0 , 詳細:too many requests 
0	01:13:38.249	FxTrade USDJPY,H1: 131.558
0	01:13:38.407	FxTrade USDJPY,H1: エラーコード:0 , 詳細:too many requests 
0	01:13:38.407	FxTrade USDJPY,H1: 131.575
0	01:13:38.407	FxTrade USDJPY,H1: 131.576
0	01:13:38.407	FxTrade USDJPY,H1: 131.573
0	01:13:38.407	FxTrade USDJPY,H1: 131.569
0	01:13:38.407	FxTrade USDJPY,H1: 131.579
2	01:13:48.049	FxTrade USDJPY,H1: open #47243102 buy 0.36 USDJPY at 131.558 ok
0	01:13:48.049	FxTrade USDJPY,H1: 131.558
0	01:13:48.049	FxTrade USDJPY,H1: 131.56
0	01:13:48.049	FxTrade USDJPY,H1: 131.561
0	01:13:48.049	FxTrade USDJPY,H1: 131.56
0	01:13:48.049	FxTrade USDJPY,H1: 131.552
0	01:13:48.159	FxTrade USDJPY,H1: エラーコード:0 , 詳細:too many requests 
0	01:13:48.159	FxTrade USDJPY,H1: 131.558
0	01:13:48.159	FxTrade USDJPY,H1: 131.575
0	01:13:48.159	FxTrade USDJPY,H1: 131.576
0	01:13:48.159	FxTrade USDJPY,H1: 131.573
0	01:13:48.159	FxTrade USDJPY,H1: 131.569
0	01:13:48.159	FxTrade USDJPY,H1: 131.579
2	01:13:58.053	FxTrade USDJPY,H1: open #47243103 buy 0.36 USDJPY at 131.579 ok
0	01:13:58.053	FxTrade USDJPY,H1: 131.579
0	01:13:58.210	FxTrade USDJPY,H1: エラーコード:0 , 詳細:too many requests 
0	01:13:58.210	FxTrade USDJPY,H1: 131.558
0	01:13:58.367	FxTrade USDJPY,H1: エラーコード:0 , 詳細:too many requests 
0	01:13:58.367	FxTrade USDJPY,H1: 131.56
0	01:13:58.524	FxTrade USDJPY,H1: エラーコード:0 , 詳細:too many requests 
0	01:13:58.524	FxTrade USDJPY,H1: 131.561
0	01:13:58.681	FxTrade USDJPY,H1: エラーコード:0 , 詳細:too many requests 
0	01:13:58.681	FxTrade USDJPY,H1: 131.56
0	01:13:58.838	FxTrade USDJPY,H1: エラーコード:0 , 詳細:too many requests 
0	01:13:58.838	FxTrade USDJPY,H1: 131.552
0	01:13:58.996	FxTrade USDJPY,H1: エラーコード:0 , 詳細:too many requests 
0	01:13:58.996	FxTrade USDJPY,H1: 131.558
0	01:13:59.153	FxTrade USDJPY,H1: エラーコード:0 , 詳細:too many requests 
0	01:13:59.153	FxTrade USDJPY,H1: 131.575
0	01:13:59.310	FxTrade USDJPY,H1: エラーコード:0 , 詳細:too many requests 
0	01:13:59.310	FxTrade USDJPY,H1: 131.576
0	01:13:59.452	FxTrade USDJPY,H1: エラーコード:0 , 詳細:too many requests 
0	01:13:59.452	FxTrade USDJPY,H1: 131.573
0	01:13:59.561	FxTrade USDJPY,H1: エラーコード:0 , 詳細:too many requests 
0	01:13:59.561	FxTrade USDJPY,H1: 131.569
2	01:13:59.672	FxTrade USDJPY,H1: close #47243036 buy 0.36 USDJPY at 131.569 at price 131.572
0	01:14:05.179	FxTrade USDJPY,H1: 131.579
2	01:14:08.105	FxTrade USDJPY,H1: open #47243105 buy 0.36 USDJPY at 131.566 ok
0	01:14:08.105	FxTrade USDJPY,H1: 131.566
0	01:14:08.105	FxTrade USDJPY,H1: 131.579
0	01:14:08.105	FxTrade USDJPY,H1: 131.558
0	01:14:08.249	FxTrade USDJPY,H1: エラーコード:0 , 詳細:too many requests 
0	01:14:08.249	FxTrade USDJPY,H1: 131.56
0	01:14:08.420	FxTrade USDJPY,H1: エラーコード:0 , 詳細:too many requests 
0	01:14:08.420	FxTrade USDJPY,H1: 131.561
0	01:14:08.577	FxTrade USDJPY,H1: エラーコード:0 , 詳細:too many requests 
0	01:14:08.577	FxTrade USDJPY,H1: 131.56
0	01:14:08.718	FxTrade USDJPY,H1: エラーコード:0 , 詳細:too many requests 
0	01:14:08.718	FxTrade USDJPY,H1: 131.552
0	01:14:08.875	FxTrade USDJPY,H1: エラーコード:0 , 詳細:too many requests 
0	01:14:08.875	FxTrade USDJPY,H1: 131.558
0	01:14:09.032	FxTrade USDJPY,H1: エラーコード:0 , 詳細:too many requests 
0	01:14:09.032	FxTrade USDJPY,H1: 131.575
0	01:14:09.032	FxTrade USDJPY,H1: 131.576
0	01:14:09.032	FxTrade USDJPY,H1: 131.573
0	01:14:09.032	FxTrade USDJPY,H1: 131.579
2	01:14:18.076	FxTrade USDJPY,H1: open #47243107 buy 0.36 USDJPY at 131.551 ok
0	01:14:18.076	FxTrade USDJPY,H1: 131.551
0	01:14:18.076	FxTrade USDJPY,H1: 131.566
0	01:14:18.076	FxTrade USDJPY,H1: 131.579
0	01:14:18.076	FxTrade USDJPY,H1: 131.558
0	01:14:18.076	FxTrade USDJPY,H1: 131.56
0	01:14:18.076	FxTrade USDJPY,H1: 131.561
0	01:14:18.076	FxTrade USDJPY,H1: 131.56
0	01:14:18.076	FxTrade USDJPY,H1: 131.552
0	01:14:18.076	FxTrade USDJPY,H1: 131.558
0	01:14:18.076	FxTrade USDJPY,H1: 131.575
0	01:14:18.076	FxTrade USDJPY,H1: 131.576
0	01:14:18.076	FxTrade USDJPY,H1: 131.573
0	01:14:18.076	FxTrade USDJPY,H1: 131.579
2	01:14:28.037	FxTrade USDJPY,H1: open #47243108 buy 0.36 USDJPY at 131.549 ok
0	01:14:28.037	FxTrade USDJPY,H1: 131.549
0	01:14:28.037	FxTrade USDJPY,H1: 131.551
0	01:14:28.037	FxTrade USDJPY,H1: 131.566
0	01:14:28.037	FxTrade USDJPY,H1: 131.579
0	01:14:28.037	FxTrade USDJPY,H1: 131.558
0	01:14:28.037	FxTrade USDJPY,H1: 131.56
0	01:14:28.037	FxTrade USDJPY,H1: 131.561
0	01:14:28.037	FxTrade USDJPY,H1: 131.56
0	01:14:28.037	FxTrade USDJPY,H1: 131.552
0	01:14:28.037	FxTrade USDJPY,H1: 131.558
0	01:14:28.037	FxTrade USDJPY,H1: 131.575
0	01:14:28.037	FxTrade USDJPY,H1: 131.576
0	01:14:28.037	FxTrade USDJPY,H1: 131.573
0	01:14:28.037	FxTrade USDJPY,H1: 131.579
2	01:14:38.076	FxTrade USDJPY,H1: open #47243109 buy 0.36 USDJPY at 131.551 ok
0	01:14:38.076	FxTrade USDJPY,H1: 131.551
0	01:14:38.076	FxTrade USDJPY,H1: 131.549
0	01:14:38.185	FxTrade USDJPY,H1: エラーコード:0 , 詳細:too many requests 
0	01:14:38.185	FxTrade USDJPY,H1: 131.551
0	01:14:38.185	FxTrade USDJPY,H1: 131.566
0	01:14:38.185	FxTrade USDJPY,H1: 131.579
0	01:14:38.185	FxTrade USDJPY,H1: 131.558
0	01:14:38.185	FxTrade USDJPY,H1: 131.56
0	01:14:38.185	FxTrade USDJPY,H1: 131.561
0	01:14:38.185	FxTrade USDJPY,H1: 131.56
0	01:14:38.185	FxTrade USDJPY,H1: 131.552
0	01:14:38.185	FxTrade USDJPY,H1: 131.558
0	01:14:38.185	FxTrade USDJPY,H1: 131.575
0	01:14:38.185	FxTrade USDJPY,H1: 131.576
0	01:14:38.185	FxTrade USDJPY,H1: 131.573
0	01:14:38.185	FxTrade USDJPY,H1: 131.579
2	01:14:48.066	FxTrade USDJPY,H1: open #47243110 buy 0.36 USDJPY at 131.550 ok
0	01:14:48.066	FxTrade USDJPY,H1: 131.55
0	01:14:48.066	FxTrade USDJPY,H1: 131.551
0	01:14:48.066	FxTrade USDJPY,H1: 131.549
0	01:14:48.224	FxTrade USDJPY,H1: エラーコード:0 , 詳細:too many requests 
0	01:14:48.224	FxTrade USDJPY,H1: 131.551
0	01:14:48.224	FxTrade USDJPY,H1: 131.566
0	01:14:48.224	FxTrade USDJPY,H1: 131.579
0	01:14:48.224	FxTrade USDJPY,H1: 131.558
0	01:14:48.224	FxTrade USDJPY,H1: 131.56
0	01:14:48.224	FxTrade USDJPY,H1: 131.561
0	01:14:48.224	FxTrade USDJPY,H1: 131.56
0	01:14:48.224	FxTrade USDJPY,H1: 131.552
0	01:14:48.224	FxTrade USDJPY,H1: 131.558
0	01:14:48.224	FxTrade USDJPY,H1: 131.575
0	01:14:48.224	FxTrade USDJPY,H1: 131.576
0	01:14:48.224	FxTrade USDJPY,H1: 131.573
0	01:14:48.224	FxTrade USDJPY,H1: 131.579
2	01:14:58.103	FxTrade USDJPY,H1: open #47243114 buy 0.36 USDJPY at 131.553 ok
0	01:14:58.103	FxTrade USDJPY,H1: 131.553
0	01:14:58.245	FxTrade USDJPY,H1: エラーコード:0 , 詳細:too many requests 
0	01:14:58.245	FxTrade USDJPY,H1: 131.55
0	01:14:58.402	FxTrade USDJPY,H1: エラーコード:0 , 詳細:too many requests 
0	01:14:58.402	FxTrade USDJPY,H1: 131.551
0	01:14:58.559	FxTrade USDJPY,H1: エラーコード:0 , 詳細:too many requests 
0	01:14:58.559	FxTrade USDJPY,H1: 131.549
0	01:14:58.716	FxTrade USDJPY,H1: エラーコード:0 , 詳細:too many requests 
0	01:14:58.716	FxTrade USDJPY,H1: 131.551
0	01:14:58.873	FxTrade USDJPY,H1: エラーコード:0 , 詳細:too many requests 
0	01:14:58.873	FxTrade USDJPY,H1: 131.566
0	01:14:58.873	FxTrade USDJPY,H1: 131.579
0	01:14:58.873	FxTrade USDJPY,H1: 131.558
0	01:14:58.873	FxTrade USDJPY,H1: 131.56
0	01:14:58.873	FxTrade USDJPY,H1: 131.561
0	01:14:58.873	FxTrade USDJPY,H1: 131.56
0	01:14:58.873	FxTrade USDJPY,H1: 131.552
0	01:14:59.031	FxTrade USDJPY,H1: エラーコード:0 , 詳細:too many requests 
0	01:14:59.031	FxTrade USDJPY,H1: 131.558
0	01:14:59.031	FxTrade USDJPY,H1: 131.575
0	01:14:59.031	FxTrade USDJPY,H1: 131.576
0	01:14:59.031	FxTrade USDJPY,H1: 131.573
0	01:14:59.031	FxTrade USDJPY,H1: 131.579
2	01:15:08.078	FxTrade USDJPY,H1: open #47243129 buy 0.36 USDJPY at 131.544 ok
0	01:15:08.078	FxTrade USDJPY,H1: 131.544
0	01:15:08.188	FxTrade USDJPY,H1: エラーコード:0 , 詳細:too many requests 
0	01:15:08.188	FxTrade USDJPY,H1: 131.553
0	01:15:08.188	FxTrade USDJPY,H1: 131.55
0	01:15:08.188	FxTrade USDJPY,H1: 131.551
0	01:15:08.188	FxTrade USDJPY,H1: 131.549
0	01:15:08.188	FxTrade USDJPY,H1: 131.551
0	01:15:08.188	FxTrade USDJPY,H1: 131.566
0	01:15:08.188	FxTrade USDJPY,H1: 131.579
0	01:15:08.188	FxTrade USDJPY,H1: 131.558
0	01:15:08.188	FxTrade USDJPY,H1: 131.56
0	01:15:08.188	FxTrade USDJPY,H1: 131.561
0	01:15:08.188	FxTrade USDJPY,H1: 131.56
0	01:15:08.188	FxTrade USDJPY,H1: 131.552
0	01:15:08.188	FxTrade USDJPY,H1: 131.558
0	01:15:08.188	FxTrade USDJPY,H1: 131.575
0	01:15:08.188	FxTrade USDJPY,H1: 131.576
0	01:15:08.188	FxTrade USDJPY,H1: 131.573
0	01:15:08.188	FxTrade USDJPY,H1: 131.579
2	01:15:18.072	FxTrade USDJPY,H1: open #47243131 buy 0.36 USDJPY at 131.536 ok
0	01:15:18.072	FxTrade USDJPY,H1: 131.536
0	01:15:18.072	FxTrade USDJPY,H1: 131.544
0	01:15:18.072	FxTrade USDJPY,H1: 131.553
0	01:15:18.072	FxTrade USDJPY,H1: 131.55
0	01:15:18.072	FxTrade USDJPY,H1: 131.551
0	01:15:18.072	FxTrade USDJPY,H1: 131.549
0	01:15:18.072	FxTrade USDJPY,H1: 131.551
0	01:15:18.072	FxTrade USDJPY,H1: 131.566
0	01:15:18.072	FxTrade USDJPY,H1: 131.579
0	01:15:18.072	FxTrade USDJPY,H1: 131.558
0	01:15:18.072	FxTrade USDJPY,H1: 131.56
0	01:15:18.072	FxTrade USDJPY,H1: 131.561
0	01:15:18.072	FxTrade USDJPY,H1: 131.56
0	01:15:18.072	FxTrade USDJPY,H1: 131.552
0	01:15:18.072	FxTrade USDJPY,H1: 131.558
0	01:15:18.072	FxTrade USDJPY,H1: 131.575
0	01:15:18.072	FxTrade USDJPY,H1: 131.576
0	01:15:18.072	FxTrade USDJPY,H1: 131.573
0	01:15:18.072	FxTrade USDJPY,H1: 131.579
1	01:15:22.568	FxTrade USDJPY,H1: debugging terminated
0	01:15:22.584	FxTrade USDJPY,H1: uninit reason 4
0	01:15:22.647	Expert FxTrade USDJPY,H1: removed
