0	00:07:00.125	Expert FxTrade USDJPY,H1: loaded successfully
0	00:07:01.650	FxTrade USDJPY,H1: initialized
2	00:07:11.793	FxTrade USDJPY,H1: open #47274458 buy 0.32 USDJPY at 130.914 ok
0	00:07:17.266	FxTrade USDJPY,H1: uninit reason 3
0	00:07:17.282	FxTrade USDJPY,M1: initialized
0	00:07:27.284	FxTrade USDJPY,M1: 130.914
2	00:07:27.441	FxTrade USDJPY,M1: close #47274458 buy 0.32 USDJPY at 130.914 at price 130.921
0	00:07:27.598	FxTrade USDJPY,M1: エラーコード:0 , 詳細:too many requests 
2	00:07:37.438	FxTrade USDJPY,M1: open #47274467 buy 0.32 USDJPY at 130.932 ok
0	00:07:47.280	FxTrade USDJPY,M1: 130.932
2	00:07:47.406	FxTrade USDJPY,M1: open #47274471 buy 0.32 USDJPY at 130.925 ok
0	00:07:57.269	FxTrade USDJPY,M1: 130.925
2	00:07:57.395	FxTrade USDJPY,M1: close #47274471 buy 0.32 USDJPY at 130.925 at price 130.943
0	00:07:57.395	FxTrade USDJPY,M1: 130.932
0	00:07:57.536	FxTrade USDJPY,M1: エラーコード:0 , 詳細:too many requests 
0	00:07:57.646	FxTrade USDJPY,M1: エラーコード:0 , 詳細:too many requests 
0	00:08:07.280	FxTrade USDJPY,M1: 130.932
2	00:08:07.438	FxTrade USDJPY,M1: close #47274467 buy 0.32 USDJPY at 130.932 at price 130.943
0	00:08:07.594	FxTrade USDJPY,M1: エラーコード:0 , 詳細:too many requests 
2	00:08:17.426	FxTrade USDJPY,M1: open #47274490 buy 0.32 USDJPY at 130.957 ok
0	00:08:27.269	FxTrade USDJPY,M1: 130.957
2	00:08:27.379	FxTrade USDJPY,M1: open #47274496 buy 0.32 USDJPY at 130.949 ok
0	00:08:37.274	FxTrade USDJPY,M1: 130.949
0	00:08:37.274	FxTrade USDJPY,M1: 130.957
2	00:08:37.416	FxTrade USDJPY,M1: open #47274504 buy 0.32 USDJPY at 130.947 ok
0	00:08:47.274	FxTrade USDJPY,M1: 130.947
2	00:08:47.431	FxTrade USDJPY,M1: close #47274504 buy 0.32 USDJPY at 130.947 at price 130.945
0	00:08:47.431	FxTrade USDJPY,M1: 130.949
0	00:08:47.431	FxTrade USDJPY,M1: 130.957
0	00:08:47.588	FxTrade USDJPY,M1: エラーコード:0 , 詳細:too many requests 
0	00:08:57.270	FxTrade USDJPY,M1: 130.949
2	00:08:57.411	FxTrade USDJPY,M1: close #47274496 buy 0.32 USDJPY at 130.949 at price 130.960
0	00:08:57.411	FxTrade USDJPY,M1: 130.957
0	00:08:57.572	FxTrade USDJPY,M1: エラーコード:0 , 詳細:too many requests 
0	00:08:57.721	FxTrade USDJPY,M1: エラーコード:0 , 詳細:too many requests 
0	00:09:07.271	FxTrade USDJPY,M1: 130.957
2	00:09:07.365	FxTrade USDJPY,M1: close #47274490 buy 0.32 USDJPY at 130.957 at price 130.962
0	00:09:07.471	FxTrade USDJPY,M1: エラーコード:0 , 詳細:too many requests 
2	00:09:17.410	FxTrade USDJPY,M1: open #47274525 buy 0.32 USDJPY at 130.966 ok
0	00:09:27.289	FxTrade USDJPY,M1: 130.966
2	00:09:27.431	FxTrade USDJPY,M1: open #47274527 buy 0.32 USDJPY at 130.949 ok
0	00:09:37.299	FxTrade USDJPY,M1: 130.949
0	00:09:37.299	FxTrade USDJPY,M1: 130.966
2	00:09:37.451	FxTrade USDJPY,M1: open #47274531 buy 0.32 USDJPY at 130.947 ok
0	00:09:47.296	FxTrade USDJPY,M1: 130.947
2	00:09:47.439	FxTrade USDJPY,M1: close #47274531 buy 0.32 USDJPY at 130.947 at price 130.943
0	00:09:47.439	FxTrade USDJPY,M1: 130.949
0	00:09:47.439	FxTrade USDJPY,M1: 130.966
0	00:09:47.601	FxTrade USDJPY,M1: エラーコード:0 , 詳細:too many requests 
0	00:09:57.315	FxTrade USDJPY,M1: 130.949
0	00:09:57.315	FxTrade USDJPY,M1: 130.966
2	00:09:57.414	FxTrade USDJPY,M1: open #47274533 buy 0.32 USDJPY at 130.936 ok
0	00:10:07.288	FxTrade USDJPY,M1: 130.936
2	00:10:07.445	FxTrade USDJPY,M1: close #47274533 buy 0.32 USDJPY at 130.936 at price 130.954
0	00:10:07.445	FxTrade USDJPY,M1: 130.949
0	00:10:07.600	FxTrade USDJPY,M1: エラーコード:0 , 詳細:too many requests 
0	00:10:07.600	FxTrade USDJPY,M1: 130.966
0	00:10:07.757	FxTrade USDJPY,M1: エラーコード:0 , 詳細:too many requests 
0	00:10:17.288	FxTrade USDJPY,M1: 130.949
0	00:10:17.288	FxTrade USDJPY,M1: 130.966
2	00:10:17.444	FxTrade USDJPY,M1: open #47274541 buy 0.32 USDJPY at 130.939 ok
0	00:10:27.288	FxTrade USDJPY,M1: 130.939
0	00:10:27.288	FxTrade USDJPY,M1: 130.949
0	00:10:27.288	FxTrade USDJPY,M1: 130.966
2	00:10:27.414	FxTrade USDJPY,M1: open #47274546 buy 0.32 USDJPY at 130.929 ok
0	00:10:37.287	FxTrade USDJPY,M1: 130.929
2	00:10:37.412	FxTrade USDJPY,M1: close #47274546 buy 0.32 USDJPY at 130.929 at price 130.925
0	00:10:37.412	FxTrade USDJPY,M1: 130.939
0	00:10:37.412	FxTrade USDJPY,M1: 130.949
0	00:10:37.412	FxTrade USDJPY,M1: 130.966
0	00:10:37.527	FxTrade USDJPY,M1: エラーコード:0 , 詳細:too many requests 
0	00:10:47.294	FxTrade USDJPY,M1: 130.939
2	00:10:47.451	FxTrade USDJPY,M1: close #47274541 buy 0.32 USDJPY at 130.939 at price 130.941
0	00:10:47.451	FxTrade USDJPY,M1: 130.949
0	00:10:47.451	FxTrade USDJPY,M1: 130.966
0	00:10:47.608	FxTrade USDJPY,M1: エラーコード:0 , 詳細:too many requests 
0	00:10:57.291	FxTrade USDJPY,M1: 130.949
0	00:10:57.291	FxTrade USDJPY,M1: 130.966
2	00:10:57.401	FxTrade USDJPY,M1: open #47274550 buy 0.32 USDJPY at 130.945 ok
0	00:11:07.290	FxTrade USDJPY,M1: 130.945
0	00:11:07.290	FxTrade USDJPY,M1: 130.949
0	00:11:07.290	FxTrade USDJPY,M1: 130.966
2	00:11:07.422	FxTrade USDJPY,M1: open #47274553 buy 0.32 USDJPY at 130.907 ok
0	00:11:17.300	FxTrade USDJPY,M1: 130.907
2	00:11:17.443	FxTrade USDJPY,M1: close #47274553 buy 0.32 USDJPY at 130.907 at price 130.903
0	00:11:17.443	FxTrade USDJPY,M1: 130.945
0	00:11:17.443	FxTrade USDJPY,M1: 130.949
0	00:11:17.443	FxTrade USDJPY,M1: 130.966
0	00:11:17.596	FxTrade USDJPY,M1: エラーコード:0 , 詳細:too many requests 
0	00:11:27.308	FxTrade USDJPY,M1: 130.945
0	00:11:27.308	FxTrade USDJPY,M1: 130.949
0	00:11:27.308	FxTrade USDJPY,M1: 130.966
2	00:11:27.465	FxTrade USDJPY,M1: open #47274559 buy 0.32 USDJPY at 130.915 ok
0	00:11:37.303	FxTrade USDJPY,M1: 130.915
2	00:11:37.413	FxTrade USDJPY,M1: close #47274559 buy 0.32 USDJPY at 130.915 at price 130.924
0	00:11:37.413	FxTrade USDJPY,M1: 130.945
0	00:11:37.413	FxTrade USDJPY,M1: 130.949
0	00:11:37.413	FxTrade USDJPY,M1: 130.966
0	00:11:37.524	FxTrade USDJPY,M1: エラーコード:0 , 詳細:too many requests 
0	00:11:47.310	FxTrade USDJPY,M1: 130.945
0	00:11:47.310	FxTrade USDJPY,M1: 130.949
0	00:11:47.310	FxTrade USDJPY,M1: 130.966
2	00:11:47.436	FxTrade USDJPY,M1: open #47274566 buy 0.32 USDJPY at 130.936 ok
0	00:11:57.308	FxTrade USDJPY,M1: 130.936
2	00:11:57.449	FxTrade USDJPY,M1: close #47274566 buy 0.32 USDJPY at 130.936 at price 130.940
0	00:11:57.449	FxTrade USDJPY,M1: 130.945
0	00:11:57.449	FxTrade USDJPY,M1: 130.949
0	00:11:57.449	FxTrade USDJPY,M1: 130.966
0	00:11:57.607	FxTrade USDJPY,M1: エラーコード:0 , 詳細:too many requests 
0	00:12:05.865	FxTrade USDJPY,M1: uninit reason 4
0	00:12:05.928	Expert FxTrade USDJPY,M1: removed
0	00:14:15.831	Expert FxTrade USDJPY,H1: loaded successfully
0	00:14:17.521	FxTrade USDJPY,H1: initialized
2	00:14:27.654	FxTrade USDJPY,H1: open #47274625 buy 0.32 USDJPY at 131.025 ok
0	00:14:37.527	FxTrade USDJPY,H1: 131.025
2	00:14:37.654	FxTrade USDJPY,H1: close #47274625 buy 0.32 USDJPY at 131.025 at price 131.029
0	00:14:37.826	FxTrade USDJPY,H1: エラーコード:0 , 詳細:too many requests 
2	00:14:47.647	FxTrade USDJPY,H1: open #47274634 buy 0.32 USDJPY at 131.031 ok
0	00:14:57.524	FxTrade USDJPY,H1: 131.031
2	00:14:57.668	FxTrade USDJPY,H1: open #47274638 buy 0.32 USDJPY at 131.021 ok
0	00:15:07.527	FxTrade USDJPY,H1: 131.021
2	00:15:07.675	FxTrade USDJPY,H1: close #47274638 buy 0.32 USDJPY at 131.021 at price 131.019
0	00:15:07.675	FxTrade USDJPY,H1: 131.031
0	00:15:07.820	FxTrade USDJPY,H1: エラーコード:0 , 詳細:too many requests 
0	00:15:17.531	FxTrade USDJPY,H1: 131.031
2	00:15:17.671	FxTrade USDJPY,H1: open #47274653 buy 0.32 USDJPY at 131.007 ok
0	00:15:27.533	FxTrade USDJPY,H1: 131.007
2	00:15:27.682	FxTrade USDJPY,H1: close #47274653 buy 0.32 USDJPY at 131.007 at price 131.003
0	00:15:27.682	FxTrade USDJPY,H1: 131.031
0	00:15:27.805	FxTrade USDJPY,H1: エラーコード:0 , 詳細:too many requests 
0	00:15:37.522	FxTrade USDJPY,H1: 131.031
2	00:15:37.672	FxTrade USDJPY,H1: open #47274659 buy 0.32 USDJPY at 131.007 ok
0	00:15:56.163	FxTrade USDJPY,H1: uninit reason 4
0	00:15:56.220	Expert FxTrade USDJPY,H1: removed
0	00:17:05.071	Expert FxTrade USDJPY,H1: loaded successfully
0	00:17:08.624	FxTrade USDJPY,H1: initialized
2	00:17:18.730	FxTrade USDJPY,H1: open #47274701 buy 0.32 USDJPY at 131.041 ok
0	00:17:28.629	FxTrade USDJPY,H1: 131.041
2	00:17:28.745	FxTrade USDJPY,H1: open #47274706 buy 0.32 USDJPY at 131.041 ok
0	00:17:38.615	FxTrade USDJPY,H1: 131.041
0	00:17:38.615	FxTrade USDJPY,H1: 131.041
2	00:17:38.758	FxTrade USDJPY,H1: open #47274710 buy 0.32 USDJPY at 131.044 ok
0	00:17:48.623	FxTrade USDJPY,H1: 131.044
2	00:17:48.732	FxTrade USDJPY,H1: close #47274710 buy 0.32 USDJPY at 131.044 at price 131.060
0	00:17:48.732	FxTrade USDJPY,H1: 131.041
0	00:17:48.841	FxTrade USDJPY,H1: エラーコード:0 , 詳細:too many requests 
0	00:17:48.841	FxTrade USDJPY,H1: 131.041
0	00:17:48.951	FxTrade USDJPY,H1: エラーコード:0 , 詳細:too many requests 
0	00:17:49.060	FxTrade USDJPY,H1: エラーコード:0 , 詳細:too many requests 
0	00:17:58.623	FxTrade USDJPY,H1: 131.041
2	00:17:58.748	FxTrade USDJPY,H1: close #47274706 buy 0.32 USDJPY at 131.041 at price 131.057
0	00:17:58.748	FxTrade USDJPY,H1: 131.041
0	00:17:58.857	FxTrade USDJPY,H1: エラーコード:0 , 詳細:too many requests 
0	00:17:58.967	FxTrade USDJPY,H1: エラーコード:0 , 詳細:too many requests 
0	00:18:08.623	FxTrade USDJPY,H1: 131.041
2	00:18:08.763	FxTrade USDJPY,H1: close #47274701 buy 0.32 USDJPY at 131.041 at price 131.058
0	00:18:08.873	FxTrade USDJPY,H1: エラーコード:0 , 詳細:too many requests 
2	00:18:18.761	FxTrade USDJPY,H1: open #47274717 buy 0.32 USDJPY at 131.066 ok
0	00:18:28.617	FxTrade USDJPY,H1: 131.066
2	00:18:28.742	FxTrade USDJPY,H1: open #47274726 buy 0.32 USDJPY at 131.058 ok
0	00:18:35.383	FxTrade USDJPY,H1: uninit reason 3
0	00:18:35.400	FxTrade USDJPY,M1: initialized
0	00:18:45.397	FxTrade USDJPY,M1: 131.058
0	00:18:45.397	FxTrade USDJPY,M1: 131.066
2	00:18:45.506	FxTrade USDJPY,M1: open #47274728 buy 0.32 USDJPY at 131.037 ok
0	00:18:55.409	FxTrade USDJPY,M1: 131.037
0	00:18:55.409	FxTrade USDJPY,M1: 131.058
0	00:18:55.409	FxTrade USDJPY,M1: 131.066
2	00:18:55.565	FxTrade USDJPY,M1: open #47274732 buy 0.32 USDJPY at 131.037 ok
0	00:19:05.404	FxTrade USDJPY,M1: 131.037
0	00:19:05.404	FxTrade USDJPY,M1: 131.037
0	00:19:05.404	FxTrade USDJPY,M1: 131.058
0	00:19:05.404	FxTrade USDJPY,M1: 131.066
2	00:19:05.513	FxTrade USDJPY,M1: open #47274740 buy 0.32 USDJPY at 131.032 ok
0	00:19:15.406	FxTrade USDJPY,M1: 131.032
0	00:19:15.406	FxTrade USDJPY,M1: 131.037
0	00:19:15.406	FxTrade USDJPY,M1: 131.037
0	00:19:15.406	FxTrade USDJPY,M1: 131.058
0	00:19:15.406	FxTrade USDJPY,M1: 131.066
2	00:19:15.531	FxTrade USDJPY,M1: open #47274745 buy 0.32 USDJPY at 131.023 ok
0	00:19:25.404	FxTrade USDJPY,M1: 131.023
2	00:19:25.529	FxTrade USDJPY,M1: close #47274745 buy 0.32 USDJPY at 131.023 at price 131.036
0	00:19:25.529	FxTrade USDJPY,M1: 131.032
0	00:19:25.638	FxTrade USDJPY,M1: エラーコード:0 , 詳細:too many requests 
0	00:19:25.638	FxTrade USDJPY,M1: 131.037
0	00:19:25.638	FxTrade USDJPY,M1: 131.037
0	00:19:25.638	FxTrade USDJPY,M1: 131.058
0	00:19:25.638	FxTrade USDJPY,M1: 131.066
0	00:19:25.747	FxTrade USDJPY,M1: エラーコード:0 , 詳細:too many requests 
0	00:19:35.403	FxTrade USDJPY,M1: 131.032
2	00:19:35.512	FxTrade USDJPY,M1: close #47274740 buy 0.32 USDJPY at 131.032 at price 131.042
0	00:19:35.512	FxTrade USDJPY,M1: 131.037
0	00:19:35.621	FxTrade USDJPY,M1: エラーコード:0 , 詳細:too many requests 
0	00:19:35.621	FxTrade USDJPY,M1: 131.037
0	00:19:35.731	FxTrade USDJPY,M1: エラーコード:0 , 詳細:too many requests 
0	00:19:35.731	FxTrade USDJPY,M1: 131.058
0	00:19:35.731	FxTrade USDJPY,M1: 131.066
0	00:19:35.887	FxTrade USDJPY,M1: エラーコード:0 , 詳細:too many requests 
0	00:19:45.429	FxTrade USDJPY,M1: 131.037
0	00:19:45.429	FxTrade USDJPY,M1: 131.037
0	00:19:45.429	FxTrade USDJPY,M1: 131.058
0	00:19:45.429	FxTrade USDJPY,M1: 131.066
2	00:19:45.563	FxTrade USDJPY,M1: open #47274751 buy 0.32 USDJPY at 131.023 ok
0	00:19:55.396	FxTrade USDJPY,M1: 131.023
0	00:19:55.396	FxTrade USDJPY,M1: 131.037
0	00:19:55.396	FxTrade USDJPY,M1: 131.037
0	00:19:55.396	FxTrade USDJPY,M1: 131.058
0	00:19:55.396	FxTrade USDJPY,M1: 131.066
2	00:19:55.521	FxTrade USDJPY,M1: open #47274753 buy 0.32 USDJPY at 131.028 ok
0	00:20:05.399	FxTrade USDJPY,M1: 131.028
0	00:20:05.399	FxTrade USDJPY,M1: 131.023
2	00:20:05.539	FxTrade USDJPY,M1: close #47274751 buy 0.32 USDJPY at 131.023 at price 131.024
0	00:20:05.539	FxTrade USDJPY,M1: 131.037
0	00:20:05.539	FxTrade USDJPY,M1: 131.037
0	00:20:05.539	FxTrade USDJPY,M1: 131.058
0	00:20:05.539	FxTrade USDJPY,M1: 131.066
0	00:20:05.695	FxTrade USDJPY,M1: エラーコード:0 , 詳細:too many requests 
0	00:20:15.396	FxTrade USDJPY,M1: 131.028
2	00:20:15.552	FxTrade USDJPY,M1: close #47274753 buy 0.32 USDJPY at 131.028 at price 131.030
0	00:20:15.552	FxTrade USDJPY,M1: 131.037
0	00:20:15.552	FxTrade USDJPY,M1: 131.037
0	00:20:15.552	FxTrade USDJPY,M1: 131.058
0	00:20:15.552	FxTrade USDJPY,M1: 131.066
0	00:20:15.709	FxTrade USDJPY,M1: エラーコード:0 , 詳細:too many requests 
0	00:20:25.397	FxTrade USDJPY,M1: 131.037
0	00:20:25.397	FxTrade USDJPY,M1: 131.037
0	00:20:25.397	FxTrade USDJPY,M1: 131.058
0	00:20:25.397	FxTrade USDJPY,M1: 131.066
2	00:20:25.537	FxTrade USDJPY,M1: open #47274770 buy 0.32 USDJPY at 131.029 ok
0	00:20:35.400	FxTrade USDJPY,M1: 131.029
0	00:20:35.400	FxTrade USDJPY,M1: 131.037
0	00:20:35.400	FxTrade USDJPY,M1: 131.037
0	00:20:35.400	FxTrade USDJPY,M1: 131.058
0	00:20:35.400	FxTrade USDJPY,M1: 131.066
2	00:20:35.556	FxTrade USDJPY,M1: open #47274773 buy 0.32 USDJPY at 131.025 ok
0	00:20:45.408	FxTrade USDJPY,M1: 131.025
0	00:20:45.408	FxTrade USDJPY,M1: 131.029
0	00:20:45.408	FxTrade USDJPY,M1: 131.037
0	00:20:45.408	FxTrade USDJPY,M1: 131.037
0	00:20:45.408	FxTrade USDJPY,M1: 131.058
0	00:20:45.408	FxTrade USDJPY,M1: 131.066
0	00:20:55.397	FxTrade USDJPY,M1: 131.025
0	00:20:55.397	FxTrade USDJPY,M1: 131.029
0	00:20:55.397	FxTrade USDJPY,M1: 131.037
0	00:20:55.397	FxTrade USDJPY,M1: 131.037
0	00:20:55.397	FxTrade USDJPY,M1: 131.058
0	00:20:55.397	FxTrade USDJPY,M1: 131.066
0	00:21:05.399	FxTrade USDJPY,M1: 131.025
0	00:21:05.399	FxTrade USDJPY,M1: 131.029
0	00:21:05.399	FxTrade USDJPY,M1: 131.037
0	00:21:05.399	FxTrade USDJPY,M1: 131.037
0	00:21:05.399	FxTrade USDJPY,M1: 131.058
0	00:21:05.399	FxTrade USDJPY,M1: 131.066
0	00:21:15.405	FxTrade USDJPY,M1: 131.025
0	00:21:15.405	FxTrade USDJPY,M1: 131.029
0	00:21:15.405	FxTrade USDJPY,M1: 131.037
0	00:21:15.405	FxTrade USDJPY,M1: 131.037
0	00:21:15.405	FxTrade USDJPY,M1: 131.058
0	00:21:15.405	FxTrade USDJPY,M1: 131.066
0	00:21:25.406	FxTrade USDJPY,M1: 131.025
0	00:21:25.406	FxTrade USDJPY,M1: 131.029
0	00:21:25.406	FxTrade USDJPY,M1: 131.037
0	00:21:25.406	FxTrade USDJPY,M1: 131.037
0	00:21:25.406	FxTrade USDJPY,M1: 131.058
0	00:21:25.406	FxTrade USDJPY,M1: 131.066
0	00:21:35.404	FxTrade USDJPY,M1: 131.025
0	00:21:35.404	FxTrade USDJPY,M1: 131.029
0	00:21:35.404	FxTrade USDJPY,M1: 131.037
0	00:21:35.404	FxTrade USDJPY,M1: 131.037
0	00:21:35.404	FxTrade USDJPY,M1: 131.058
0	00:21:35.404	FxTrade USDJPY,M1: 131.066
0	00:21:45.401	FxTrade USDJPY,M1: 131.025
0	00:21:45.401	FxTrade USDJPY,M1: 131.029
0	00:21:45.401	FxTrade USDJPY,M1: 131.037
0	00:21:45.401	FxTrade USDJPY,M1: 131.037
0	00:21:45.401	FxTrade USDJPY,M1: 131.058
0	00:21:45.401	FxTrade USDJPY,M1: 131.066
0	00:21:55.401	FxTrade USDJPY,M1: 131.025
0	00:21:55.401	FxTrade USDJPY,M1: 131.029
0	00:21:55.401	FxTrade USDJPY,M1: 131.037
0	00:21:55.401	FxTrade USDJPY,M1: 131.037
0	00:21:55.401	FxTrade USDJPY,M1: 131.058
0	00:21:55.401	FxTrade USDJPY,M1: 131.066
0	00:22:05.398	FxTrade USDJPY,M1: 131.025
0	00:22:05.398	FxTrade USDJPY,M1: 131.029
0	00:22:05.398	FxTrade USDJPY,M1: 131.037
0	00:22:05.398	FxTrade USDJPY,M1: 131.037
0	00:22:05.398	FxTrade USDJPY,M1: 131.058
0	00:22:05.398	FxTrade USDJPY,M1: 131.066
0	00:22:15.400	FxTrade USDJPY,M1: 131.025
0	00:22:15.400	FxTrade USDJPY,M1: 131.029
0	00:22:15.400	FxTrade USDJPY,M1: 131.037
0	00:22:15.400	FxTrade USDJPY,M1: 131.037
0	00:22:15.400	FxTrade USDJPY,M1: 131.058
0	00:22:15.400	FxTrade USDJPY,M1: 131.066
0	00:22:25.397	FxTrade USDJPY,M1: 131.025
0	00:22:25.397	FxTrade USDJPY,M1: 131.029
0	00:22:25.397	FxTrade USDJPY,M1: 131.037
0	00:22:25.397	FxTrade USDJPY,M1: 131.037
0	00:22:25.397	FxTrade USDJPY,M1: 131.058
0	00:22:25.397	FxTrade USDJPY,M1: 131.066
0	00:22:35.398	FxTrade USDJPY,M1: 131.025
0	00:22:35.398	FxTrade USDJPY,M1: 131.029
0	00:22:35.398	FxTrade USDJPY,M1: 131.037
0	00:22:35.398	FxTrade USDJPY,M1: 131.037
0	00:22:35.398	FxTrade USDJPY,M1: 131.058
0	00:22:35.398	FxTrade USDJPY,M1: 131.066
0	00:22:45.396	FxTrade USDJPY,M1: 131.025
0	00:22:45.396	FxTrade USDJPY,M1: 131.029
0	00:22:45.396	FxTrade USDJPY,M1: 131.037
0	00:22:45.396	FxTrade USDJPY,M1: 131.037
0	00:22:45.396	FxTrade USDJPY,M1: 131.058
0	00:22:45.396	FxTrade USDJPY,M1: 131.066
0	00:22:55.410	FxTrade USDJPY,M1: 131.025
0	00:22:55.410	FxTrade USDJPY,M1: 131.029
0	00:22:55.410	FxTrade USDJPY,M1: 131.037
0	00:22:55.410	FxTrade USDJPY,M1: 131.037
0	00:22:55.410	FxTrade USDJPY,M1: 131.058
0	00:22:55.410	FxTrade USDJPY,M1: 131.066
0	00:23:05.408	FxTrade USDJPY,M1: 131.025
0	00:23:05.408	FxTrade USDJPY,M1: 131.029
0	00:23:05.408	FxTrade USDJPY,M1: 131.037
0	00:23:05.408	FxTrade USDJPY,M1: 131.037
0	00:23:05.408	FxTrade USDJPY,M1: 131.058
0	00:23:05.408	FxTrade USDJPY,M1: 131.066
0	00:23:15.398	FxTrade USDJPY,M1: 131.025
0	00:23:15.398	FxTrade USDJPY,M1: 131.029
0	00:23:15.398	FxTrade USDJPY,M1: 131.037
0	00:23:15.398	FxTrade USDJPY,M1: 131.037
0	00:23:15.398	FxTrade USDJPY,M1: 131.058
0	00:23:15.398	FxTrade USDJPY,M1: 131.066
0	00:23:25.402	FxTrade USDJPY,M1: 131.025
0	00:23:25.402	FxTrade USDJPY,M1: 131.029
0	00:23:25.402	FxTrade USDJPY,M1: 131.037
0	00:23:25.402	FxTrade USDJPY,M1: 131.037
0	00:23:25.402	FxTrade USDJPY,M1: 131.058
0	00:23:25.402	FxTrade USDJPY,M1: 131.066
0	00:23:35.407	FxTrade USDJPY,M1: 131.025
0	00:23:35.407	FxTrade USDJPY,M1: 131.029
0	00:23:35.407	FxTrade USDJPY,M1: 131.037
0	00:23:35.407	FxTrade USDJPY,M1: 131.037
0	00:23:35.407	FxTrade USDJPY,M1: 131.058
0	00:23:35.407	FxTrade USDJPY,M1: 131.066
0	00:23:45.396	FxTrade USDJPY,M1: 131.025
0	00:23:45.396	FxTrade USDJPY,M1: 131.029
0	00:23:45.396	FxTrade USDJPY,M1: 131.037
0	00:23:45.396	FxTrade USDJPY,M1: 131.037
0	00:23:45.396	FxTrade USDJPY,M1: 131.058
0	00:23:45.396	FxTrade USDJPY,M1: 131.066
0	00:23:55.409	FxTrade USDJPY,M1: 131.025
0	00:23:55.409	FxTrade USDJPY,M1: 131.029
0	00:23:55.409	FxTrade USDJPY,M1: 131.037
0	00:23:55.409	FxTrade USDJPY,M1: 131.037
0	00:23:55.409	FxTrade USDJPY,M1: 131.058
0	00:23:55.409	FxTrade USDJPY,M1: 131.066
0	00:24:05.401	FxTrade USDJPY,M1: 131.025
0	00:24:05.401	FxTrade USDJPY,M1: 131.029
0	00:24:05.401	FxTrade USDJPY,M1: 131.037
0	00:24:05.401	FxTrade USDJPY,M1: 131.037
0	00:24:05.401	FxTrade USDJPY,M1: 131.058
0	00:24:05.401	FxTrade USDJPY,M1: 131.066
0	00:24:15.405	FxTrade USDJPY,M1: 131.025
0	00:24:15.405	FxTrade USDJPY,M1: 131.029
0	00:24:15.405	FxTrade USDJPY,M1: 131.037
0	00:24:15.405	FxTrade USDJPY,M1: 131.037
0	00:24:15.405	FxTrade USDJPY,M1: 131.058
0	00:24:15.405	FxTrade USDJPY,M1: 131.066
0	00:24:25.411	FxTrade USDJPY,M1: 131.025
0	00:24:25.411	FxTrade USDJPY,M1: 131.029
0	00:24:25.411	FxTrade USDJPY,M1: 131.037
0	00:24:25.411	FxTrade USDJPY,M1: 131.037
0	00:24:25.411	FxTrade USDJPY,M1: 131.058
0	00:24:25.411	FxTrade USDJPY,M1: 131.066
0	00:24:35.398	FxTrade USDJPY,M1: 131.025
0	00:24:35.398	FxTrade USDJPY,M1: 131.029
0	00:24:35.398	FxTrade USDJPY,M1: 131.037
0	00:24:35.398	FxTrade USDJPY,M1: 131.037
0	00:24:35.398	FxTrade USDJPY,M1: 131.058
0	00:24:35.398	FxTrade USDJPY,M1: 131.066
0	00:24:45.400	FxTrade USDJPY,M1: 131.025
0	00:24:45.400	FxTrade USDJPY,M1: 131.029
0	00:24:45.400	FxTrade USDJPY,M1: 131.037
0	00:24:45.400	FxTrade USDJPY,M1: 131.037
0	00:24:45.400	FxTrade USDJPY,M1: 131.058
0	00:24:45.400	FxTrade USDJPY,M1: 131.066
0	00:24:55.402	FxTrade USDJPY,M1: 131.025
0	00:24:55.402	FxTrade USDJPY,M1: 131.029
0	00:24:55.402	FxTrade USDJPY,M1: 131.037
0	00:24:55.402	FxTrade USDJPY,M1: 131.037
0	00:24:55.402	FxTrade USDJPY,M1: 131.058
0	00:24:55.402	FxTrade USDJPY,M1: 131.066
0	00:25:05.408	FxTrade USDJPY,M1: 131.025
0	00:25:05.408	FxTrade USDJPY,M1: 131.029
0	00:25:05.408	FxTrade USDJPY,M1: 131.037
0	00:25:05.408	FxTrade USDJPY,M1: 131.037
0	00:25:05.408	FxTrade USDJPY,M1: 131.058
0	00:25:05.408	FxTrade USDJPY,M1: 131.066
0	00:25:15.397	FxTrade USDJPY,M1: 131.025
0	00:25:15.397	FxTrade USDJPY,M1: 131.029
0	00:25:15.397	FxTrade USDJPY,M1: 131.037
0	00:25:15.397	FxTrade USDJPY,M1: 131.037
0	00:25:15.397	FxTrade USDJPY,M1: 131.058
0	00:25:15.397	FxTrade USDJPY,M1: 131.066
0	00:25:25.417	FxTrade USDJPY,M1: 131.025
0	00:25:25.417	FxTrade USDJPY,M1: 131.029
0	00:25:25.417	FxTrade USDJPY,M1: 131.037
0	00:25:25.417	FxTrade USDJPY,M1: 131.037
0	00:25:25.417	FxTrade USDJPY,M1: 131.058
0	00:25:25.417	FxTrade USDJPY,M1: 131.066
0	00:25:35.410	FxTrade USDJPY,M1: 131.025
0	00:25:35.410	FxTrade USDJPY,M1: 131.029
0	00:25:35.410	FxTrade USDJPY,M1: 131.037
0	00:25:35.410	FxTrade USDJPY,M1: 131.037
0	00:25:35.410	FxTrade USDJPY,M1: 131.058
0	00:25:35.410	FxTrade USDJPY,M1: 131.066
0	00:25:45.408	FxTrade USDJPY,M1: 131.025
0	00:25:45.408	FxTrade USDJPY,M1: 131.029
0	00:25:45.408	FxTrade USDJPY,M1: 131.037
0	00:25:45.408	FxTrade USDJPY,M1: 131.037
0	00:25:45.408	FxTrade USDJPY,M1: 131.058
0	00:25:45.408	FxTrade USDJPY,M1: 131.066
0	00:25:55.439	FxTrade USDJPY,M1: 131.025
0	00:25:55.439	FxTrade USDJPY,M1: 131.029
0	00:25:55.439	FxTrade USDJPY,M1: 131.037
0	00:25:55.439	FxTrade USDJPY,M1: 131.037
0	00:25:55.439	FxTrade USDJPY,M1: 131.058
0	00:25:55.439	FxTrade USDJPY,M1: 131.066
0	00:26:05.403	FxTrade USDJPY,M1: 131.025
0	00:26:05.403	FxTrade USDJPY,M1: 131.029
0	00:26:05.403	FxTrade USDJPY,M1: 131.037
0	00:26:05.403	FxTrade USDJPY,M1: 131.037
0	00:26:05.403	FxTrade USDJPY,M1: 131.058
0	00:26:05.403	FxTrade USDJPY,M1: 131.066
0	00:26:15.401	FxTrade USDJPY,M1: 131.025
0	00:26:15.401	FxTrade USDJPY,M1: 131.029
0	00:26:15.401	FxTrade USDJPY,M1: 131.037
0	00:26:15.401	FxTrade USDJPY,M1: 131.037
0	00:26:15.401	FxTrade USDJPY,M1: 131.058
0	00:26:15.401	FxTrade USDJPY,M1: 131.066
0	00:26:25.408	FxTrade USDJPY,M1: 131.025
0	00:26:25.408	FxTrade USDJPY,M1: 131.029
0	00:26:25.408	FxTrade USDJPY,M1: 131.037
0	00:26:25.408	FxTrade USDJPY,M1: 131.037
0	00:26:25.408	FxTrade USDJPY,M1: 131.058
0	00:26:25.408	FxTrade USDJPY,M1: 131.066
0	00:26:35.405	FxTrade USDJPY,M1: 131.025
0	00:26:35.405	FxTrade USDJPY,M1: 131.029
0	00:26:35.405	FxTrade USDJPY,M1: 131.037
0	00:26:35.405	FxTrade USDJPY,M1: 131.037
0	00:26:35.405	FxTrade USDJPY,M1: 131.058
0	00:26:35.405	FxTrade USDJPY,M1: 131.066
0	00:26:45.402	FxTrade USDJPY,M1: 131.025
0	00:26:45.402	FxTrade USDJPY,M1: 131.029
0	00:26:45.402	FxTrade USDJPY,M1: 131.037
0	00:26:45.402	FxTrade USDJPY,M1: 131.037
0	00:26:45.402	FxTrade USDJPY,M1: 131.058
0	00:26:45.402	FxTrade USDJPY,M1: 131.066
0	00:26:55.407	FxTrade USDJPY,M1: 131.025
0	00:26:55.407	FxTrade USDJPY,M1: 131.029
0	00:26:55.407	FxTrade USDJPY,M1: 131.037
0	00:26:55.407	FxTrade USDJPY,M1: 131.037
0	00:26:55.407	FxTrade USDJPY,M1: 131.058
0	00:26:55.407	FxTrade USDJPY,M1: 131.066
0	00:27:05.423	FxTrade USDJPY,M1: 131.025
0	00:27:05.423	FxTrade USDJPY,M1: 131.029
0	00:27:05.423	FxTrade USDJPY,M1: 131.037
0	00:27:05.423	FxTrade USDJPY,M1: 131.037
0	00:27:05.423	FxTrade USDJPY,M1: 131.058
0	00:27:05.423	FxTrade USDJPY,M1: 131.066
1	00:27:11.837	FxTrade USDJPY,M1: debugging terminated
0	00:27:11.856	FxTrade USDJPY,M1: uninit reason 4
0	00:27:11.887	Expert FxTrade USDJPY,M1: removed
