0	23:41:59.753	Compiling 'FxTrade'
0	23:42:15.757	Compiling 'MACD Sample'
0	23:42:15.757	Compiling 'Moving Average'
0	23:42:16.432	Compiling 'Accelerator'
0	23:42:16.432	Compiling 'Accumulation'
0	23:42:16.432	Compiling 'Alligator'
0	23:42:16.432	Compiling 'ATR'
0	23:42:16.432	Compiling 'Awesome'
0	23:42:16.432	Compiling 'Bands'
0	23:42:16.432	Compiling 'Bears'
0	23:42:16.432	Compiling 'Bulls'
0	23:42:16.432	Compiling 'CCI'
0	23:42:16.432	Compiling 'Custom Moving Averages'
0	23:42:16.432	Compiling 'Heiken Ashi'
0	23:42:16.432	Compiling 'Ichimoku'
0	23:42:16.432	Compiling 'iExposure'
0	23:42:16.432	Compiling 'MACD'
0	23:42:16.432	Compiling 'Momentum'
0	23:42:16.432	Compiling 'OsMA'
0	23:42:16.432	Compiling 'Parabolic'
0	23:42:16.432	Compiling 'RSI'
0	23:42:16.432	Compiling 'Stochastic'
0	23:42:16.432	Compiling 'ZigZag'
0	23:42:16.432	Compiling 'SimplePanel'
0	23:42:21.138	Compiling 'PeriodConverter'
0	23:42:21.138	Compiling 'DLLSampleTester'
0	23:42:21.138	Compiling 'PipeClient'
0	23:42:21.138	Compiling 'PipeClientPure'
0	23:42:22.254	Compiling 'stdlib'
0	23:47:01.498	Expert FxTrade USDJPY,H1: loaded successfully
0	23:48:30.059	FxTrade USDJPY,H1: initialized
0	23:48:38.090	FxTrade USDJPY,H1: 131.768
0	23:48:44.381	FxTrade USDJPY,H1: 131.76
0	23:48:44.416	FxTrade USDJPY,H1: 131.759
0	23:48:44.470	FxTrade USDJPY,H1: 131.758
0	23:48:44.564	FxTrade USDJPY,H1: 131.76
0	23:48:44.815	FxTrade USDJPY,H1: 131.759
0	23:48:44.909	FxTrade USDJPY,H1: 131.758
0	23:48:45.412	FxTrade USDJPY,H1: 131.759
0	23:48:45.586	FxTrade USDJPY,H1: 131.758
0	23:48:45.680	FxTrade USDJPY,H1: 131.759
0	23:48:46.110	FxTrade USDJPY,H1: 131.758
0	23:48:46.190	FxTrade USDJPY,H1: 131.757
0	23:48:46.550	FxTrade USDJPY,H1: 131.755
0	23:48:47.242	FxTrade USDJPY,H1: 131.754
0	23:48:47.509	FxTrade USDJPY,H1: 131.755
0	23:48:47.683	FxTrade USDJPY,H1: 131.754
0	23:48:47.761	FxTrade USDJPY,H1: 131.755
0	23:48:47.855	FxTrade USDJPY,H1: 131.754
0	23:48:48.028	FxTrade USDJPY,H1: 131.752
0	23:48:48.139	FxTrade USDJPY,H1: 131.751
0	23:48:48.469	FxTrade USDJPY,H1: 131.745
0	23:48:48.564	FxTrade USDJPY,H1: 131.74
0	23:48:48.642	FxTrade USDJPY,H1: 131.743
0	23:48:48.705	FxTrade USDJPY,H1: 131.744
0	23:48:48.784	FxTrade USDJPY,H1: 131.743
0	23:48:48.894	FxTrade USDJPY,H1: 131.742
0	23:48:49.083	FxTrade USDJPY,H1: 131.741
0	23:48:49.164	FxTrade USDJPY,H1: 131.74
0	23:48:49.869	FxTrade USDJPY,H1: 131.737
0	23:48:50.058	FxTrade USDJPY,H1: 131.738
0	23:48:50.311	FxTrade USDJPY,H1: 131.74
0	23:48:50.719	FxTrade USDJPY,H1: 131.739
0	23:48:50.908	FxTrade USDJPY,H1: 131.74
0	23:48:51.176	FxTrade USDJPY,H1: 131.739
0	23:48:51.617	FxTrade USDJPY,H1: 131.74
0	23:48:52.026	FxTrade USDJPY,H1: 131.739
0	23:48:52.120	FxTrade USDJPY,H1: 131.74
0	23:48:52.214	FxTrade USDJPY,H1: 131.744
0	23:48:52.309	FxTrade USDJPY,H1: 131.745
0	23:48:52.403	FxTrade USDJPY,H1: 131.742
0	23:48:52.482	FxTrade USDJPY,H1: 131.74
0	23:48:53.157	FxTrade USDJPY,H1: 131.737
0	23:48:53.268	FxTrade USDJPY,H1: 131.736
0	23:48:53.331	FxTrade USDJPY,H1: 131.737
0	23:48:53.410	FxTrade USDJPY,H1: 131.739
0	23:48:54.023	FxTrade USDJPY,H1: 131.738
0	23:48:54.148	FxTrade USDJPY,H1: 131.737
0	23:48:54.228	FxTrade USDJPY,H1: 131.732
0	23:48:54.306	FxTrade USDJPY,H1: 131.731
0	23:48:55.691	FxTrade USDJPY,H1: 131.731
0	23:48:56.997	FxTrade USDJPY,H1: 131.733
0	23:48:57.092	FxTrade USDJPY,H1: 131.734
0	23:48:57.375	FxTrade USDJPY,H1: 131.735
0	23:48:57.768	FxTrade USDJPY,H1: 131.734
0	23:48:57.878	FxTrade USDJPY,H1: 131.737
0	23:48:58.067	FxTrade USDJPY,H1: 131.736
0	23:48:59.160	FxTrade USDJPY,H1: 131.735
0	23:48:59.349	FxTrade USDJPY,H1: 131.736
0	23:48:59.444	FxTrade USDJPY,H1: 131.735
0	23:48:59.633	FxTrade USDJPY,H1: 131.736
0	23:48:59.695	FxTrade USDJPY,H1: 131.737
0	23:48:59.806	FxTrade USDJPY,H1: 131.736
0	23:48:59.884	FxTrade USDJPY,H1: 131.735
0	23:48:59.979	FxTrade USDJPY,H1: 131.736
0	23:49:00.247	FxTrade USDJPY,H1: 131.735
0	23:49:00.924	FxTrade USDJPY,H1: 131.737
0	23:49:01.365	FxTrade USDJPY,H1: 131.741
0	23:49:01.444	FxTrade USDJPY,H1: 131.737
0	23:49:01.553	FxTrade USDJPY,H1: 131.733
0	23:49:01.789	FxTrade USDJPY,H1: 131.738
0	23:49:01.868	FxTrade USDJPY,H1: 131.739
0	23:49:01.978	FxTrade USDJPY,H1: 131.738
0	23:49:02.419	FxTrade USDJPY,H1: 131.734
0	23:49:02.513	FxTrade USDJPY,H1: 131.733
0	23:49:02.591	FxTrade USDJPY,H1: 131.732
0	23:49:02.670	FxTrade USDJPY,H1: 131.731
0	23:49:02.874	FxTrade USDJPY,H1: 131.732
0	23:49:03.031	FxTrade USDJPY,H1: 131.731
0	23:49:03.535	FxTrade USDJPY,H1: 131.729
0	23:49:03.708	FxTrade USDJPY,H1: 131.73
0	23:49:04.509	FxTrade USDJPY,H1: 131.731
0	23:49:04.588	FxTrade USDJPY,H1: 131.733
0	23:49:04.667	FxTrade USDJPY,H1: 131.734
3	23:50:07.104	FxTrade USDJPY,H1: unknown symbol name 0 for OrderSend function
0	23:50:08.089	FxTrade USDJPY,H1: エラーコード:0 , 詳細:unknown symbol 
0	23:51:28.334	FxTrade USDJPY,H1: 131.674
3	23:51:48.269	FxTrade USDJPY,H1: unknown symbol name 0 for OrderSend function
0	23:51:50.334	FxTrade USDJPY,H1: エラーコード:0 , 詳細:unknown symbol 
1	23:51:55.915	FxTrade USDJPY,H1: debugging terminated
0	23:51:55.941	FxTrade USDJPY,H1: uninit reason 4
0	23:51:55.976	Expert FxTrade USDJPY,H1: removed
